{"/Users/hfn/projects/dune-companion/packages/engine/src/index.ts": {"path":"/Users/hfn/projects/dune-companion/packages/engine/src/index.ts","statementMap":{"0":{"start":{"line":1,"column":0},"end":{"line":1,"column":30}},"1":{"start":{"line":2,"column":0},"end":{"line":2,"column":27}},"2":{"start":{"line":3,"column":0},"end":{"line":3,"column":26}},"3":{"start":{"line":4,"column":0},"end":{"line":4,"column":25}},"4":{"start":{"line":5,"column":0},"end":{"line":5,"column":24}}},"fnMap":{},"branchMap":{},"s":{"0":5,"1":5,"2":5,"3":5,"4":5},"f":{},"b":{}}
,"/Users/hfn/projects/dune-companion/packages/engine/src/actions/clientActions.ts": {"path":"/Users/hfn/projects/dune-companion/packages/engine/src/actions/clientActions.ts","statementMap":{"0":{"start":{"line":1,"column":0},"end":{"line":1,"column":55}},"1":{"start":{"line":6,"column":13},"end":{"line":6,"column":null}},"2":{"start":{"line":7,"column":13},"end":{"line":7,"column":null}},"3":{"start":{"line":8,"column":13},"end":{"line":8,"column":null}},"4":{"start":{"line":9,"column":13},"end":{"line":9,"column":null}},"5":{"start":{"line":10,"column":13},"end":{"line":10,"column":null}},"6":{"start":{"line":11,"column":13},"end":{"line":11,"column":null}},"7":{"start":{"line":12,"column":13},"end":{"line":12,"column":null}},"8":{"start":{"line":13,"column":13},"end":{"line":13,"column":null}},"9":{"start":{"line":14,"column":13},"end":{"line":14,"column":null}},"10":{"start":{"line":15,"column":13},"end":{"line":15,"column":null}},"11":{"start":{"line":16,"column":13},"end":{"line":16,"column":null}},"12":{"start":{"line":17,"column":13},"end":{"line":17,"column":null}},"13":{"start":{"line":18,"column":13},"end":{"line":18,"column":null}},"14":{"start":{"line":19,"column":13},"end":{"line":19,"column":null}},"15":{"start":{"line":20,"column":13},"end":{"line":20,"column":null}},"16":{"start":{"line":21,"column":13},"end":{"line":21,"column":null}},"17":{"start":{"line":22,"column":13},"end":{"line":22,"column":null}},"18":{"start":{"line":23,"column":13},"end":{"line":23,"column":null}},"19":{"start":{"line":24,"column":13},"end":{"line":24,"column":null}},"20":{"start":{"line":25,"column":13},"end":{"line":25,"column":null}},"21":{"start":{"line":26,"column":13},"end":{"line":26,"column":null}},"22":{"start":{"line":28,"column":27},"end":{"line":32,"column":1}},"23":{"start":{"line":31,"column":2},"end":{"line":31,"column":null}},"24":{"start":{"line":34,"column":13},"end":{"line":36,"column":null}},"25":{"start":{"line":37,"column":13},"end":{"line":39,"column":null}},"26":{"start":{"line":40,"column":13},"end":{"line":42,"column":null}},"27":{"start":{"line":43,"column":13},"end":{"line":45,"column":null}},"28":{"start":{"line":46,"column":13},"end":{"line":46,"column":null}},"29":{"start":{"line":48,"column":13},"end":{"line":54,"column":null}},"30":{"start":{"line":48,"column":140},"end":{"line":54,"column":3}},"31":{"start":{"line":56,"column":13},"end":{"line":58,"column":null}},"32":{"start":{"line":59,"column":13},"end":{"line":59,"column":null}},"33":{"start":{"line":60,"column":13},"end":{"line":60,"column":null}},"34":{"start":{"line":61,"column":13},"end":{"line":61,"column":null}},"35":{"start":{"line":62,"column":13},"end":{"line":62,"column":null}},"36":{"start":{"line":63,"column":13},"end":{"line":63,"column":null}},"37":{"start":{"line":64,"column":13},"end":{"line":64,"column":null}},"38":{"start":{"line":65,"column":13},"end":{"line":65,"column":null}},"39":{"start":{"line":66,"column":13},"end":{"line":66,"column":null}},"40":{"start":{"line":67,"column":13},"end":{"line":67,"column":null}},"41":{"start":{"line":68,"column":13},"end":{"line":68,"column":null}},"42":{"start":{"line":69,"column":13},"end":{"line":69,"column":null}},"43":{"start":{"line":70,"column":13},"end":{"line":70,"column":null}},"44":{"start":{"line":72,"column":13},"end":{"line":76,"column":null}},"45":{"start":{"line":78,"column":13},"end":{"line":82,"column":null}},"46":{"start":{"line":85,"column":13},"end":{"line":107,"column":null}}},"fnMap":{"0":{"name":"(anonymous_2)","decl":{"start":{"line":28,"column":27},"end":{"line":28,"column":null}},"loc":{"start":{"line":29,"column":9},"end":{"line":32,"column":1}}},"1":{"name":"(anonymous_3)","decl":{"start":{"line":48,"column":62},"end":{"line":48,"column":63}},"loc":{"start":{"line":48,"column":135},"end":{"line":48,"column":141}}}},"branchMap":{},"s":{"0":14,"1":14,"2":14,"3":14,"4":14,"5":14,"6":14,"7":14,"8":14,"9":14,"10":14,"11":14,"12":14,"13":14,"14":14,"15":14,"16":14,"17":14,"18":14,"19":14,"20":14,"21":14,"22":14,"23":280,"24":14,"25":14,"26":14,"27":14,"28":14,"29":14,"30":2,"31":14,"32":14,"33":14,"34":14,"35":14,"36":14,"37":14,"38":14,"39":14,"40":14,"41":14,"42":14,"43":14,"44":14,"45":14,"46":14},"f":{"0":280,"1":2},"b":{}}
,"/Users/hfn/projects/dune-companion/packages/engine/src/actions/getActionProperties.ts": {"path":"/Users/hfn/projects/dune-companion/packages/engine/src/actions/getActionProperties.ts","statementMap":{"0":{"start":{"line":2,"column":0},"end":{"line":2,"column":56}},"1":{"start":{"line":24,"column":2},"end":{"line":27,"column":null}},"2":{"start":{"line":20,"column":0},"end":{"line":20,"column":16}}},"fnMap":{"0":{"name":"getActionProperties","decl":{"start":{"line":20,"column":16},"end":{"line":20,"column":35}},"loc":{"start":{"line":22,"column":17},"end":{"line":29,"column":1}}}},"branchMap":{},"s":{"0":14,"1":0,"2":14},"f":{"0":0},"b":{}}
,"/Users/hfn/projects/dune-companion/packages/engine/src/actions/getPhaseActionProperties.ts": {"path":"/Users/hfn/projects/dune-companion/packages/engine/src/actions/getPhaseActionProperties.ts","statementMap":{"0":{"start":{"line":2,"column":0},"end":{"line":2,"column":59}},"1":{"start":{"line":4,"column":13},"end":{"line":24,"column":null}},"2":{"start":{"line":26,"column":13},"end":{"line":40,"column":null}},"3":{"start":{"line":42,"column":40},"end":{"line":46,"column":3}},"4":{"start":{"line":44,"column":2},"end":{"line":44,"column":null}},"5":{"start":{"line":46,"column":2},"end":{"line":49,"column":null}},"6":{"start":{"line":47,"column":43},"end":{"line":47,"column":69}},"7":{"start":{"line":49,"column":43},"end":{"line":49,"column":69}},"8":{"start":{"line":42,"column":13},"end":{"line":42,"column":40}}},"fnMap":{"0":{"name":"(anonymous_0)","decl":{"start":{"line":42,"column":40},"end":{"line":42,"column":null}},"loc":{"start":{"line":44,"column":17},"end":{"line":46,"column":3}}},"1":{"name":"(anonymous_1)","decl":{"start":{"line":47,"column":35},"end":{"line":47,"column":39}},"loc":{"start":{"line":47,"column":39},"end":{"line":47,"column":62}}},"2":{"name":"(anonymous_2)","decl":{"start":{"line":49,"column":35},"end":{"line":49,"column":39}},"loc":{"start":{"line":49,"column":39},"end":{"line":49,"column":62}}}},"branchMap":{"0":{"loc":{"start":{"line":44,"column":2},"end":{"line":44,"column":null}},"type":"if","locations":[{"start":{"line":44,"column":2},"end":{"line":44,"column":null}},{"start":{"line":44,"column":2},"end":{"line":44,"column":null}}]},"1":{"loc":{"start":{"line":47,"column":6},"end":{"line":47,"column":69}},"type":"cond-expr","locations":[{"start":{"line":47,"column":6},"end":{"line":47,"column":69}},{"start":{"line":48,"column":6},"end":{"line":48,"column":8}}]}},"s":{"0":14,"1":14,"2":14,"3":14,"4":0,"5":0,"6":0,"7":0,"8":14},"f":{"0":0,"1":0,"2":0},"b":{"0":[0,0],"1":[0,0]}}
,"/Users/hfn/projects/dune-companion/packages/engine/src/actions/hostActions.ts": {"path":"/Users/hfn/projects/dune-companion/packages/engine/src/actions/hostActions.ts","statementMap":{"0":{"start":{"line":1,"column":0},"end":{"line":1,"column":47}},"1":{"start":{"line":5,"column":13},"end":{"line":5,"column":null}},"2":{"start":{"line":6,"column":13},"end":{"line":6,"column":null}},"3":{"start":{"line":7,"column":13},"end":{"line":7,"column":null}},"4":{"start":{"line":8,"column":13},"end":{"line":8,"column":null}},"5":{"start":{"line":9,"column":13},"end":{"line":9,"column":null}},"6":{"start":{"line":10,"column":13},"end":{"line":10,"column":null}},"7":{"start":{"line":12,"column":13},"end":{"line":12,"column":null}},"8":{"start":{"line":13,"column":13},"end":{"line":13,"column":null}},"9":{"start":{"line":14,"column":13},"end":{"line":14,"column":null}},"10":{"start":{"line":15,"column":13},"end":{"line":15,"column":null}},"11":{"start":{"line":16,"column":13},"end":{"line":16,"column":null}},"12":{"start":{"line":17,"column":13},"end":{"line":19,"column":null}},"13":{"start":{"line":21,"column":13},"end":{"line":28,"column":null}}},"fnMap":{},"branchMap":{},"s":{"0":14,"1":14,"2":14,"3":14,"4":14,"5":14,"6":14,"7":14,"8":14,"9":14,"10":14,"11":14,"12":14,"13":14},"f":{},"b":{}}
,"/Users/hfn/projects/dune-companion/packages/engine/src/actions/index.ts": {"path":"/Users/hfn/projects/dune-companion/packages/engine/src/actions/index.ts","statementMap":{"0":{"start":{"line":1,"column":0},"end":{"line":1,"column":31}},"1":{"start":{"line":2,"column":0},"end":{"line":2,"column":29}},"2":{"start":{"line":3,"column":0},"end":{"line":3,"column":42}}},"fnMap":{},"branchMap":{},"s":{"0":14,"1":14,"2":14},"f":{},"b":{}}
,"/Users/hfn/projects/dune-companion/packages/engine/src/dictionaries/cities.ts": {"path":"/Users/hfn/projects/dune-companion/packages/engine/src/dictionaries/cities.ts","statementMap":{"0":{"start":{"line":3,"column":13},"end":{"line":19,"column":null}}},"fnMap":{},"branchMap":{},"s":{"0":14},"f":{},"b":{}}
,"/Users/hfn/projects/dune-companion/packages/engine/src/dictionaries/factions.ts": {"path":"/Users/hfn/projects/dune-companion/packages/engine/src/dictionaries/factions.ts","statementMap":{"0":{"start":{"line":1,"column":0},"end":{"line":1,"column":39}},"1":{"start":{"line":4,"column":13},"end":{"line":248,"column":null}}},"fnMap":{},"branchMap":{},"s":{"0":14,"1":14},"f":{},"b":{}}
,"/Users/hfn/projects/dune-companion/packages/engine/src/dictionaries/index.ts": {"path":"/Users/hfn/projects/dune-companion/packages/engine/src/dictionaries/index.ts","statementMap":{"0":{"start":{"line":1,"column":0},"end":{"line":1,"column":24}},"1":{"start":{"line":2,"column":0},"end":{"line":2,"column":26}},"2":{"start":{"line":3,"column":0},"end":{"line":3,"column":24}},"3":{"start":{"line":4,"column":0},"end":{"line":4,"column":40}},"4":{"start":{"line":5,"column":0},"end":{"line":5,"column":23}}},"fnMap":{},"branchMap":{},"s":{"0":14,"1":14,"2":14,"3":14,"4":14},"f":{},"b":{}}
,"/Users/hfn/projects/dune-companion/packages/engine/src/dictionaries/phases.ts": {"path":"/Users/hfn/projects/dune-companion/packages/engine/src/dictionaries/phases.ts","statementMap":{"0":{"start":{"line":3,"column":13},"end":{"line":15,"column":null}},"1":{"start":{"line":17,"column":13},"end":{"line":17,"column":null}},"2":{"start":{"line":19,"column":13},"end":{"line":81,"column":null}}},"fnMap":{},"branchMap":{},"s":{"0":14,"1":14,"2":14},"f":{},"b":{}}
,"/Users/hfn/projects/dune-companion/packages/engine/src/dictionaries/playerActionProperties.ts": {"path":"/Users/hfn/projects/dune-companion/packages/engine/src/dictionaries/playerActionProperties.ts","statementMap":{"0":{"start":{"line":3,"column":13},"end":{"line":89,"column":null}}},"fnMap":{},"branchMap":{},"s":{"0":14},"f":{},"b":{}}
,"/Users/hfn/projects/dune-companion/packages/engine/src/dictionaries/rules/atreides.ts": {"path":"/Users/hfn/projects/dune-companion/packages/engine/src/dictionaries/rules/atreides.ts","statementMap":{"0":{"start":{"line":1,"column":0},"end":{"line":1,"column":47}},"1":{"start":{"line":4,"column":13},"end":{"line":42,"column":null}}},"fnMap":{},"branchMap":{},"s":{"0":14,"1":14},"f":{},"b":{}}
,"/Users/hfn/projects/dune-companion/packages/engine/src/dictionaries/rules/battle.ts": {"path":"/Users/hfn/projects/dune-companion/packages/engine/src/dictionaries/rules/battle.ts","statementMap":{"0":{"start":{"line":3,"column":13},"end":{"line":128,"column":null}}},"fnMap":{},"branchMap":{},"s":{"0":14},"f":{},"b":{}}
,"/Users/hfn/projects/dune-companion/packages/engine/src/dictionaries/rules/beneGesserit.ts": {"path":"/Users/hfn/projects/dune-companion/packages/engine/src/dictionaries/rules/beneGesserit.ts","statementMap":{"0":{"start":{"line":1,"column":0},"end":{"line":1,"column":47}},"1":{"start":{"line":4,"column":13},"end":{"line":93,"column":null}}},"fnMap":{},"branchMap":{},"s":{"0":14,"1":14},"f":{},"b":{}}
,"/Users/hfn/projects/dune-companion/packages/engine/src/dictionaries/rules/bidding.ts": {"path":"/Users/hfn/projects/dune-companion/packages/engine/src/dictionaries/rules/bidding.ts","statementMap":{"0":{"start":{"line":3,"column":13},"end":{"line":56,"column":null}}},"fnMap":{},"branchMap":{},"s":{"0":14},"f":{},"b":{}}
,"/Users/hfn/projects/dune-companion/packages/engine/src/dictionaries/rules/choamCharity.ts": {"path":"/Users/hfn/projects/dune-companion/packages/engine/src/dictionaries/rules/choamCharity.ts","statementMap":{"0":{"start":{"line":3,"column":13},"end":{"line":15,"column":null}}},"fnMap":{},"branchMap":{},"s":{"0":14},"f":{},"b":{}}
,"/Users/hfn/projects/dune-companion/packages/engine/src/dictionaries/rules/emperor.ts": {"path":"/Users/hfn/projects/dune-companion/packages/engine/src/dictionaries/rules/emperor.ts","statementMap":{"0":{"start":{"line":1,"column":0},"end":{"line":1,"column":47}},"1":{"start":{"line":4,"column":13},"end":{"line":26,"column":null}}},"fnMap":{},"branchMap":{},"s":{"0":14,"1":14},"f":{},"b":{}}
,"/Users/hfn/projects/dune-companion/packages/engine/src/dictionaries/rules/fremen.ts": {"path":"/Users/hfn/projects/dune-companion/packages/engine/src/dictionaries/rules/fremen.ts","statementMap":{"0":{"start":{"line":1,"column":0},"end":{"line":1,"column":47}},"1":{"start":{"line":4,"column":13},"end":{"line":86,"column":null}}},"fnMap":{},"branchMap":{},"s":{"0":14,"1":14},"f":{},"b":{}}
,"/Users/hfn/projects/dune-companion/packages/engine/src/dictionaries/rules/harkonnen.ts": {"path":"/Users/hfn/projects/dune-companion/packages/engine/src/dictionaries/rules/harkonnen.ts","statementMap":{"0":{"start":{"line":1,"column":0},"end":{"line":1,"column":47}},"1":{"start":{"line":4,"column":13},"end":{"line":34,"column":null}}},"fnMap":{},"branchMap":{},"s":{"0":14,"1":14},"f":{},"b":{}}
,"/Users/hfn/projects/dune-companion/packages/engine/src/dictionaries/rules/index.ts": {"path":"/Users/hfn/projects/dune-companion/packages/engine/src/dictionaries/rules/index.ts","statementMap":{"0":{"start":{"line":3,"column":0},"end":{"line":3,"column":50}},"1":{"start":{"line":4,"column":0},"end":{"line":4,"column":42}},"2":{"start":{"line":5,"column":0},"end":{"line":5,"column":40}},"3":{"start":{"line":6,"column":0},"end":{"line":6,"column":38}},"4":{"start":{"line":7,"column":0},"end":{"line":7,"column":44}},"5":{"start":{"line":8,"column":0},"end":{"line":8,"column":50}},"6":{"start":{"line":9,"column":0},"end":{"line":9,"column":36}},"7":{"start":{"line":10,"column":0},"end":{"line":10,"column":36}},"8":{"start":{"line":11,"column":0},"end":{"line":11,"column":60}},"9":{"start":{"line":12,"column":0},"end":{"line":12,"column":50}},"10":{"start":{"line":13,"column":0},"end":{"line":13,"column":40}},"11":{"start":{"line":14,"column":0},"end":{"line":14,"column":40}},"12":{"start":{"line":15,"column":0},"end":{"line":15,"column":64}},"13":{"start":{"line":16,"column":0},"end":{"line":16,"column":38}},"14":{"start":{"line":17,"column":0},"end":{"line":17,"column":50}},"15":{"start":{"line":18,"column":0},"end":{"line":18,"column":48}},"16":{"start":{"line":20,"column":13},"end":{"line":34,"column":null}},"17":{"start":{"line":36,"column":13},"end":{"line":43,"column":null}}},"fnMap":{},"branchMap":{},"s":{"0":14,"1":14,"2":14,"3":14,"4":14,"5":14,"6":14,"7":14,"8":14,"9":14,"10":14,"11":14,"12":14,"13":14,"14":14,"15":14,"16":14,"17":14},"f":{},"b":{}}
,"/Users/hfn/projects/dune-companion/packages/engine/src/dictionaries/rules/mentatPause.ts": {"path":"/Users/hfn/projects/dune-companion/packages/engine/src/dictionaries/rules/mentatPause.ts","statementMap":{"0":{"start":{"line":3,"column":13},"end":{"line":27,"column":null}}},"fnMap":{},"branchMap":{},"s":{"0":14},"f":{},"b":{}}
,"/Users/hfn/projects/dune-companion/packages/engine/src/dictionaries/rules/revival.ts": {"path":"/Users/hfn/projects/dune-companion/packages/engine/src/dictionaries/rules/revival.ts","statementMap":{"0":{"start":{"line":3,"column":13},"end":{"line":26,"column":null}}},"fnMap":{},"branchMap":{},"s":{"0":14},"f":{},"b":{}}
,"/Users/hfn/projects/dune-companion/packages/engine/src/dictionaries/rules/setup.ts": {"path":"/Users/hfn/projects/dune-companion/packages/engine/src/dictionaries/rules/setup.ts","statementMap":{"0":{"start":{"line":3,"column":13},"end":{"line":43,"column":null}}},"fnMap":{},"branchMap":{},"s":{"0":14},"f":{},"b":{}}
,"/Users/hfn/projects/dune-companion/packages/engine/src/dictionaries/rules/shipmentAndMovement.ts": {"path":"/Users/hfn/projects/dune-companion/packages/engine/src/dictionaries/rules/shipmentAndMovement.ts","statementMap":{"0":{"start":{"line":3,"column":13},"end":{"line":75,"column":null}}},"fnMap":{},"branchMap":{},"s":{"0":14},"f":{},"b":{}}
,"/Users/hfn/projects/dune-companion/packages/engine/src/dictionaries/rules/spacingGuild.ts": {"path":"/Users/hfn/projects/dune-companion/packages/engine/src/dictionaries/rules/spacingGuild.ts","statementMap":{"0":{"start":{"line":1,"column":0},"end":{"line":1,"column":47}},"1":{"start":{"line":4,"column":13},"end":{"line":55,"column":null}}},"fnMap":{},"branchMap":{},"s":{"0":14,"1":14},"f":{},"b":{}}
,"/Users/hfn/projects/dune-companion/packages/engine/src/dictionaries/rules/spiceBlowAndNexus.ts": {"path":"/Users/hfn/projects/dune-companion/packages/engine/src/dictionaries/rules/spiceBlowAndNexus.ts","statementMap":{"0":{"start":{"line":3,"column":13},"end":{"line":40,"column":null}},"1":{"start":{"line":12,"column":36},"end":{"line":12,"column":null}}},"fnMap":{"0":{"name":"(anonymous_0)","decl":{"start":{"line":12,"column":28},"end":{"line":12,"column":32}},"loc":{"start":{"line":12,"column":32},"end":{"line":12,"column":40}}}},"branchMap":{},"s":{"0":14,"1":0},"f":{"0":0},"b":{}}
,"/Users/hfn/projects/dune-companion/packages/engine/src/dictionaries/rules/spiceHarvest.ts": {"path":"/Users/hfn/projects/dune-companion/packages/engine/src/dictionaries/rules/spiceHarvest.ts","statementMap":{"0":{"start":{"line":3,"column":13},"end":{"line":15,"column":null}}},"fnMap":{},"branchMap":{},"s":{"0":14},"f":{},"b":{}}
,"/Users/hfn/projects/dune-companion/packages/engine/src/dictionaries/rules/storm.ts": {"path":"/Users/hfn/projects/dune-companion/packages/engine/src/dictionaries/rules/storm.ts","statementMap":{"0":{"start":{"line":3,"column":13},"end":{"line":42,"column":null}},"1":{"start":{"line":12,"column":36},"end":{"line":12,"column":null}},"2":{"start":{"line":20,"column":36},"end":{"line":20,"column":null}}},"fnMap":{"0":{"name":"(anonymous_0)","decl":{"start":{"line":12,"column":28},"end":{"line":12,"column":32}},"loc":{"start":{"line":12,"column":32},"end":{"line":12,"column":40}}},"1":{"name":"(anonymous_1)","decl":{"start":{"line":20,"column":28},"end":{"line":20,"column":32}},"loc":{"start":{"line":20,"column":32},"end":{"line":20,"column":40}}}},"branchMap":{},"s":{"0":14,"1":0,"2":0},"f":{"0":0,"1":0},"b":{}}
,"/Users/hfn/projects/dune-companion/packages/engine/src/factories/createGame.ts": {"path":"/Users/hfn/projects/dune-companion/packages/engine/src/factories/createGame.ts","statementMap":{"0":{"start":{"line":2,"column":0},"end":{"line":2,"column":63}},"1":{"start":{"line":4,"column":26},"end":{"line":4,"column":null}},"2":{"start":{"line":4,"column":60},"end":{"line":7,"column":null}},"3":{"start":{"line":4,"column":13},"end":{"line":4,"column":26}}},"fnMap":{"0":{"name":"(anonymous_2)","decl":{"start":{"line":4,"column":26},"end":{"line":4,"column":27}},"loc":{"start":{"line":4,"column":49},"end":{"line":4,"column":null}}}},"branchMap":{},"s":{"0":7,"1":7,"2":0,"3":7},"f":{"0":0},"b":{}}
,"/Users/hfn/projects/dune-companion/packages/engine/src/factories/createNewPhasePlayerState.ts": {"path":"/Users/hfn/projects/dune-companion/packages/engine/src/factories/createNewPhasePlayerState.ts","statementMap":{"0":{"start":{"line":3,"column":41},"end":{"line":4,"column":8}},"1":{"start":{"line":4,"column":2},"end":{"line":13,"column":null}},"2":{"start":{"line":5,"column":25},"end":{"line":11,"column":null}},"3":{"start":{"line":3,"column":13},"end":{"line":3,"column":41}}},"fnMap":{"0":{"name":"(anonymous_2)","decl":{"start":{"line":3,"column":41},"end":{"line":3,"column":42}},"loc":{"start":{"line":3,"column":66},"end":{"line":4,"column":8}}},"1":{"name":"(anonymous_3)","decl":{"start":{"line":5,"column":4},"end":{"line":5,"column":5}},"loc":{"start":{"line":5,"column":20},"end":{"line":5,"column":null}}}},"branchMap":{},"s":{"0":7,"1":16,"2":40,"3":7},"f":{"0":16,"1":40},"b":{}}
,"/Users/hfn/projects/dune-companion/packages/engine/src/factories/createNewTurnState.ts": {"path":"/Users/hfn/projects/dune-companion/packages/engine/src/factories/createNewTurnState.ts","statementMap":{"0":{"start":{"line":1,"column":0},"end":{"line":1,"column":51}},"1":{"start":{"line":3,"column":0},"end":{"line":3,"column":63}},"2":{"start":{"line":4,"column":0},"end":{"line":4,"column":71}},"3":{"start":{"line":6,"column":34},"end":{"line":6,"column":null}},"4":{"start":{"line":6,"column":57},"end":{"line":13,"column":null}},"5":{"start":{"line":6,"column":13},"end":{"line":6,"column":34}}},"fnMap":{"0":{"name":"(anonymous_2)","decl":{"start":{"line":6,"column":34},"end":{"line":6,"column":35}},"loc":{"start":{"line":6,"column":46},"end":{"line":6,"column":null}}}},"branchMap":{},"s":{"0":7,"1":7,"2":7,"3":7,"4":4,"5":7},"f":{"0":4},"b":{}}
,"/Users/hfn/projects/dune-companion/packages/engine/src/factories/createNextPhaseState.ts": {"path":"/Users/hfn/projects/dune-companion/packages/engine/src/factories/createNextPhaseState.ts","statementMap":{"0":{"start":{"line":1,"column":0},"end":{"line":1,"column":44}},"1":{"start":{"line":3,"column":0},"end":{"line":3,"column":71}},"2":{"start":{"line":5,"column":36},"end":{"line":5,"column":null}},"3":{"start":{"line":5,"column":59},"end":{"line":12,"column":null}},"4":{"start":{"line":5,"column":13},"end":{"line":5,"column":36}}},"fnMap":{"0":{"name":"(anonymous_2)","decl":{"start":{"line":5,"column":36},"end":{"line":5,"column":37}},"loc":{"start":{"line":5,"column":48},"end":{"line":5,"column":null}}}},"branchMap":{"0":{"loc":{"start":{"line":9,"column":8},"end":{"line":9,"column":23}},"type":"cond-expr","locations":[{"start":{"line":9,"column":8},"end":{"line":9,"column":23}},{"start":{"line":10,"column":8},"end":{"line":10,"column":62}}]}},"s":{"0":7,"1":7,"2":7,"3":6,"4":7},"f":{"0":6},"b":{"0":[0,6]}}
,"/Users/hfn/projects/dune-companion/packages/engine/src/factories/index.ts": {"path":"/Users/hfn/projects/dune-companion/packages/engine/src/factories/index.ts","statementMap":{"0":{"start":{"line":1,"column":0},"end":{"line":1,"column":45}},"1":{"start":{"line":2,"column":0},"end":{"line":2,"column":61}},"2":{"start":{"line":3,"column":0},"end":{"line":3,"column":30}},"3":{"start":{"line":4,"column":0},"end":{"line":4,"column":61}},"4":{"start":{"line":5,"column":0},"end":{"line":5,"column":36}},"5":{"start":{"line":6,"column":0},"end":{"line":6,"column":65}},"6":{"start":{"line":7,"column":0},"end":{"line":7,"column":38}},"7":{"start":{"line":8,"column":0},"end":{"line":8,"column":43}},"8":{"start":{"line":9,"column":0},"end":{"line":9,"column":9}},"9":{"start":{"line":9,"column":9},"end":{"line":9,"column":34}}},"fnMap":{"0":{"name":"(anonymous_4)","decl":{"start":{"line":9,"column":9},"end":{"line":9,"column":19}},"loc":{"start":{"line":9,"column":9},"end":{"line":9,"column":34}}}},"branchMap":{},"s":{"0":7,"1":7,"2":7,"3":7,"4":7,"5":7,"6":7,"7":7,"8":7,"9":7},"f":{"0":0},"b":{}}
,"/Users/hfn/projects/dune-companion/packages/engine/src/factories/createAuction/createAuction.ts": {"path":"/Users/hfn/projects/dune-companion/packages/engine/src/factories/createAuction/createAuction.ts","statementMap":{"0":{"start":{"line":1,"column":0},"end":{"line":1,"column":62}},"1":{"start":{"line":4,"column":33},"end":{"line":4,"column":35}},"2":{"start":{"line":5,"column":2},"end":{"line":17,"column":null}},"3":{"start":{"line":5,"column":15},"end":{"line":5,"column":16}},"4":{"start":{"line":7,"column":6},"end":{"line":8,"column":null}},"5":{"start":{"line":10,"column":19},"end":{"line":10,"column":41}},"6":{"start":{"line":11,"column":4},"end":{"line":16,"column":null}},"7":{"start":{"line":15,"column":6},"end":{"line":15,"column":null}},"8":{"start":{"line":19,"column":2},"end":{"line":30,"column":null}},"9":{"start":{"line":3,"column":0},"end":{"line":3,"column":16}}},"fnMap":{"0":{"name":"createAuction","decl":{"start":{"line":3,"column":16},"end":{"line":3,"column":29}},"loc":{"start":{"line":3,"column":40},"end":{"line":31,"column":1}}}},"branchMap":{"0":{"loc":{"start":{"line":8,"column":37},"end":{"line":8,"column":41}},"type":"cond-expr","locations":[{"start":{"line":8,"column":37},"end":{"line":8,"column":41}},{"start":{"line":8,"column":41},"end":{"line":8,"column":42}}]},"1":{"loc":{"start":{"line":8,"column":14},"end":{"line":8,"column":41}},"type":"binary-expr","locations":[{"start":{"line":8,"column":14},"end":{"line":8,"column":41}},{"start":{"line":8,"column":37},"end":{"line":8,"column":41}}]},"2":{"loc":{"start":{"line":11,"column":4},"end":{"line":16,"column":null}},"type":"if","locations":[{"start":{"line":11,"column":4},"end":{"line":16,"column":null}},{"start":{"line":11,"column":4},"end":{"line":16,"column":null}}]},"3":{"loc":{"start":{"line":12,"column":6},"end":{"line":12,"column":31}},"type":"binary-expr","locations":[{"start":{"line":12,"column":6},"end":{"line":12,"column":31}},{"start":{"line":13,"column":7},"end":{"line":13,"column":50}},{"start":{"line":13,"column":54},"end":{"line":13,"column":79}}]}},"s":{"0":7,"1":14,"2":14,"3":14,"4":27,"5":27,"6":27,"7":20,"8":14,"9":7},"f":{"0":14},"b":{"0":[16,11],"1":[27,16],"2":[20,7],"3":[27,11,4]}}
,"/Users/hfn/projects/dune-companion/packages/engine/src/factories/createFinishedGameState/createFinishedGameState.ts": {"path":"/Users/hfn/projects/dune-companion/packages/engine/src/factories/createFinishedGameState/createFinishedGameState.ts","statementMap":{"0":{"start":{"line":3,"column":39},"end":{"line":3,"column":null}},"1":{"start":{"line":3,"column":62},"end":{"line":6,"column":null}},"2":{"start":{"line":3,"column":13},"end":{"line":3,"column":39}}},"fnMap":{"0":{"name":"(anonymous_2)","decl":{"start":{"line":3,"column":39},"end":{"line":3,"column":40}},"loc":{"start":{"line":3,"column":51},"end":{"line":3,"column":null}}}},"branchMap":{},"s":{"0":7,"1":3,"2":7},"f":{"0":3},"b":{}}
,"/Users/hfn/projects/dune-companion/packages/engine/src/factories/createNewAuctionState/createNewAuctionState.ts": {"path":"/Users/hfn/projects/dune-companion/packages/engine/src/factories/createNewAuctionState/createNewAuctionState.ts","statementMap":{"0":{"start":{"line":1,"column":0},"end":{"line":1,"column":61}},"1":{"start":{"line":5,"column":21},"end":{"line":5,"column":41}},"2":{"start":{"line":6,"column":2},"end":{"line":9,"column":null}},"3":{"start":{"line":4,"column":0},"end":{"line":4,"column":16}}},"fnMap":{"0":{"name":"createNewAuctionState","decl":{"start":{"line":4,"column":16},"end":{"line":4,"column":37}},"loc":{"start":{"line":4,"column":49},"end":{"line":11,"column":1}}}},"branchMap":{},"s":{"0":7,"1":6,"2":6,"3":7},"f":{"0":6},"b":{}}
,"/Users/hfn/projects/dune-companion/packages/engine/src/factories/createPlayer/createPlayer.ts": {"path":"/Users/hfn/projects/dune-companion/packages/engine/src/factories/createPlayer/createPlayer.ts","statementMap":{"0":{"start":{"line":7,"column":28},"end":{"line":18,"column":null}},"1":{"start":{"line":10,"column":13},"end":{"line":18,"column":null}},"2":{"start":{"line":7,"column":13},"end":{"line":7,"column":28}}},"fnMap":{"0":{"name":"(anonymous_0)","decl":{"start":{"line":7,"column":28},"end":{"line":7,"column":null}},"loc":{"start":{"line":9,"column":32},"end":{"line":18,"column":null}}}},"branchMap":{"0":{"loc":{"start":{"line":13,"column":27},"end":{"line":13,"column":31}},"type":"cond-expr","locations":[{"start":{"line":13,"column":27},"end":{"line":13,"column":31}},{"start":{"line":13,"column":31},"end":{"line":13,"column":36}}]},"1":{"loc":{"start":{"line":13,"column":11},"end":{"line":13,"column":31}},"type":"binary-expr","locations":[{"start":{"line":13,"column":11},"end":{"line":13,"column":31}},{"start":{"line":13,"column":27},"end":{"line":13,"column":31}}]},"2":{"loc":{"start":{"line":13,"column":18},"end":{"line":13,"column":20}},"type":"cond-expr","locations":[{"start":{"line":13,"column":18},"end":{"line":13,"column":20}},{"start":{"line":13,"column":11},"end":{"line":13,"column":27}}]},"3":{"loc":{"start":{"line":13,"column":11},"end":{"line":13,"column":20}},"type":"binary-expr","locations":[{"start":{"line":13,"column":11},"end":{"line":13,"column":20}},{"start":{"line":13,"column":11},"end":{"line":13,"column":20}}]}},"s":{"0":8,"1":9,"2":8},"f":{"0":9},"b":{"0":[3,6],"1":[9,9],"2":[6,3],"3":[9,9]}}
,"/Users/hfn/projects/dune-companion/packages/engine/src/factories/createPlayer/index.ts": {"path":"/Users/hfn/projects/dune-companion/packages/engine/src/factories/createPlayer/index.ts","statementMap":{"0":{"start":{"line":1,"column":0},"end":{"line":1,"column":9}},"1":{"start":{"line":1,"column":9},"end":{"line":1,"column":45}}},"fnMap":{"0":{"name":"(anonymous_0)","decl":{"start":{"line":1,"column":9},"end":{"line":1,"column":21}},"loc":{"start":{"line":1,"column":9},"end":{"line":1,"column":45}}}},"branchMap":{},"s":{"0":7,"1":14},"f":{"0":7},"b":{}}
,"/Users/hfn/projects/dune-companion/packages/engine/src/helpers/index.ts": {"path":"/Users/hfn/projects/dune-companion/packages/engine/src/helpers/index.ts","statementMap":{"0":{"start":{"line":1,"column":22},"end":{"line":1,"column":58}},"1":{"start":{"line":1,"column":54},"end":{"line":1,"column":69}},"2":{"start":{"line":1,"column":13},"end":{"line":1,"column":22}},"3":{"start":{"line":3,"column":20},"end":{"line":4,"column":7}},"4":{"start":{"line":4,"column":2},"end":{"line":4,"column":null}},"5":{"start":{"line":4,"column":23},"end":{"line":4,"column":36}},"6":{"start":{"line":3,"column":13},"end":{"line":3,"column":20}},"7":{"start":{"line":6,"column":20},"end":{"line":13,"column":1}},"8":{"start":{"line":10,"column":14},"end":{"line":10,"column":30}},"9":{"start":{"line":11,"column":2},"end":{"line":11,"column":null}},"10":{"start":{"line":12,"column":2},"end":{"line":12,"column":null}},"11":{"start":{"line":6,"column":13},"end":{"line":6,"column":20}}},"fnMap":{"0":{"name":"(anonymous_4)","decl":{"start":{"line":1,"column":22},"end":{"line":1,"column":26}},"loc":{"start":{"line":1,"column":44},"end":{"line":1,"column":58}}},"1":{"name":"(anonymous_5)","decl":{"start":{"line":3,"column":20},"end":{"line":3,"column":24}},"loc":{"start":{"line":3,"column":42},"end":{"line":4,"column":7}}},"2":{"name":"(anonymous_6)","decl":{"start":{"line":4,"column":15},"end":{"line":4,"column":19}},"loc":{"start":{"line":4,"column":19},"end":{"line":4,"column":27}}},"3":{"name":"(anonymous_7)","decl":{"start":{"line":6,"column":20},"end":{"line":6,"column":null}},"loc":{"start":{"line":8,"column":19},"end":{"line":13,"column":1}}}},"branchMap":{},"s":{"0":9,"1":0,"2":9,"3":9,"4":2,"5":6,"6":9,"7":9,"8":1,"9":1,"10":1,"11":9},"f":{"0":0,"1":2,"2":6,"3":1},"b":{}}
,"/Users/hfn/projects/dune-companion/packages/engine/src/models/city.ts": {"path":"/Users/hfn/projects/dune-companion/packages/engine/src/models/city.ts","statementMap":{"0":{"start":{"line":7,"column":0},"end":{"line":7,"column":null}},"1":{"start":{"line":8,"column":2},"end":{"line":8,"column":null}},"2":{"start":{"line":9,"column":2},"end":{"line":9,"column":null}},"3":{"start":{"line":10,"column":2},"end":{"line":10,"column":null}}},"fnMap":{"0":{"name":"(anonymous_0)","decl":{"start":{"line":7,"column":0},"end":{"line":7,"column":12}},"loc":{"start":{"line":7,"column":18},"end":{"line":11,"column":1}}}},"branchMap":{"0":{"loc":{"start":{"line":7,"column":12},"end":{"line":7,"column":18}},"type":"binary-expr","locations":[{"start":{"line":7,"column":12},"end":{"line":7,"column":18}},{"start":{"line":7,"column":12},"end":{"line":7,"column":null}}]}},"s":{"0":14,"1":14,"2":14,"3":14},"f":{"0":14},"b":{"0":[14,14]}}
,"/Users/hfn/projects/dune-companion/packages/engine/src/models/faction.ts": {"path":"/Users/hfn/projects/dune-companion/packages/engine/src/models/faction.ts","statementMap":{"0":{"start":{"line":36,"column":0},"end":{"line":36,"column":null}},"1":{"start":{"line":37,"column":2},"end":{"line":37,"column":null}},"2":{"start":{"line":38,"column":2},"end":{"line":38,"column":null}},"3":{"start":{"line":39,"column":2},"end":{"line":39,"column":null}},"4":{"start":{"line":40,"column":2},"end":{"line":40,"column":null}},"5":{"start":{"line":41,"column":2},"end":{"line":41,"column":null}},"6":{"start":{"line":42,"column":2},"end":{"line":42,"column":null}}},"fnMap":{"0":{"name":"(anonymous_0)","decl":{"start":{"line":36,"column":0},"end":{"line":36,"column":12}},"loc":{"start":{"line":36,"column":20},"end":{"line":43,"column":1}}}},"branchMap":{"0":{"loc":{"start":{"line":36,"column":12},"end":{"line":36,"column":20}},"type":"binary-expr","locations":[{"start":{"line":36,"column":12},"end":{"line":36,"column":20}},{"start":{"line":36,"column":12},"end":{"line":36,"column":null}}]}},"s":{"0":14,"1":14,"2":14,"3":14,"4":14,"5":14,"6":14},"f":{"0":14},"b":{"0":[14,14]}}
,"/Users/hfn/projects/dune-companion/packages/engine/src/models/index.ts": {"path":"/Users/hfn/projects/dune-companion/packages/engine/src/models/index.ts","statementMap":{"0":{"start":{"line":1,"column":0},"end":{"line":1,"column":26}},"1":{"start":{"line":2,"column":0},"end":{"line":2,"column":25}},"2":{"start":{"line":3,"column":0},"end":{"line":3,"column":25}},"3":{"start":{"line":4,"column":0},"end":{"line":4,"column":22}},"4":{"start":{"line":5,"column":0},"end":{"line":5,"column":25}},"5":{"start":{"line":6,"column":0},"end":{"line":6,"column":22}},"6":{"start":{"line":7,"column":0},"end":{"line":7,"column":30}},"7":{"start":{"line":8,"column":0},"end":{"line":8,"column":23}},"8":{"start":{"line":9,"column":0},"end":{"line":9,"column":28}},"9":{"start":{"line":10,"column":0},"end":{"line":10,"column":24}},"10":{"start":{"line":11,"column":0},"end":{"line":11,"column":25}}},"fnMap":{},"branchMap":{},"s":{"0":14,"1":14,"2":14,"3":14,"4":14,"5":14,"6":14,"7":14,"8":14,"9":14,"10":14},"f":{},"b":{}}
,"/Users/hfn/projects/dune-companion/packages/engine/src/models/__fixtures__/index.ts": {"path":"/Users/hfn/projects/dune-companion/packages/engine/src/models/__fixtures__/index.ts","statementMap":{"0":{"start":{"line":3,"column":13},"end":{"line":11,"column":null}}},"fnMap":{},"branchMap":{},"s":{"0":5},"f":{},"b":{}}
,"/Users/hfn/projects/dune-companion/packages/engine/src/reducers/index.ts": {"path":"/Users/hfn/projects/dune-companion/packages/engine/src/reducers/index.ts","statementMap":{"0":{"start":{"line":1,"column":0},"end":{"line":1,"column":29}},"1":{"start":{"line":2,"column":0},"end":{"line":2,"column":34}}},"fnMap":{},"branchMap":{},"s":{"0":5,"1":5},"f":{},"b":{}}
,"/Users/hfn/projects/dune-companion/packages/engine/src/reducers/initialGameState.ts": {"path":"/Users/hfn/projects/dune-companion/packages/engine/src/reducers/initialGameState.ts","statementMap":{"0":{"start":{"line":3,"column":13},"end":{"line":62,"column":null}}},"fnMap":{},"branchMap":{},"s":{"0":14},"f":{},"b":{}}
,"/Users/hfn/projects/dune-companion/packages/engine/src/reducers/rootReducer.ts": {"path":"/Users/hfn/projects/dune-companion/packages/engine/src/reducers/rootReducer.ts","statementMap":{"0":{"start":{"line":1,"column":0},"end":{"line":1,"column":null}},"1":{"start":{"line":8,"column":0},"end":{"line":8,"column":null}},"2":{"start":{"line":13,"column":0},"end":{"line":13,"column":76}},"3":{"start":{"line":14,"column":0},"end":{"line":14,"column":64}},"4":{"start":{"line":15,"column":0},"end":{"line":15,"column":91}},"5":{"start":{"line":16,"column":0},"end":{"line":16,"column":70}},"6":{"start":{"line":17,"column":0},"end":{"line":17,"column":88}},"7":{"start":{"line":20,"column":0},"end":{"line":20,"column":53}},"8":{"start":{"line":21,"column":0},"end":{"line":21,"column":76}},"9":{"start":{"line":22,"column":0},"end":{"line":22,"column":97}},"10":{"start":{"line":23,"column":0},"end":{"line":23,"column":59}},"11":{"start":{"line":24,"column":0},"end":{"line":24,"column":67}},"12":{"start":{"line":26,"column":23},"end":{"line":27,"column":9}},"13":{"start":{"line":27,"column":2},"end":{"line":27,"column":null}},"14":{"start":{"line":27,"column":34},"end":{"line":27,"column":40}},"15":{"start":{"line":32,"column":4},"end":{"line":49,"column":2}},"16":{"start":{"line":51,"column":13},"end":{"line":53,"column":null}}},"fnMap":{"0":{"name":"(anonymous_0)","decl":{"start":{"line":26,"column":23},"end":{"line":26,"column":27}},"loc":{"start":{"line":26,"column":62},"end":{"line":27,"column":9}}},"1":{"name":"(anonymous_1)","decl":{"start":{"line":27,"column":25},"end":{"line":27,"column":30}},"loc":{"start":{"line":27,"column":30},"end":{"line":27,"column":39}}}},"branchMap":{},"s":{"0":6,"1":6,"2":6,"3":6,"4":6,"5":6,"6":6,"7":6,"8":6,"9":6,"10":6,"11":6,"12":6,"13":6,"14":13,"15":6,"16":6},"f":{"0":6,"1":13},"b":{}}
,"/Users/hfn/projects/dune-companion/packages/engine/src/reducers/allianceRequestsReducer/allianceRequestsReducer.ts": {"path":"/Users/hfn/projects/dune-companion/packages/engine/src/reducers/allianceRequestsReducer/allianceRequestsReducer.ts","statementMap":{"0":{"start":{"line":1,"column":0},"end":{"line":1,"column":73}},"1":{"start":{"line":2,"column":0},"end":{"line":2,"column":45}},"2":{"start":{"line":4,"column":0},"end":{"line":4,"column":36}},"3":{"start":{"line":5,"column":0},"end":{"line":5,"column":54}},"4":{"start":{"line":7,"column":13},"end":{"line":37,"column":null}},"5":{"start":{"line":10,"column":4},"end":{"line":36,"column":null}},"6":{"start":{"line":12,"column":8},"end":{"line":12,"column":null}},"7":{"start":{"line":15,"column":32},"end":{"line":16,"column":null}},"8":{"start":{"line":16,"column":21},"end":{"line":16,"column":null}},"9":{"start":{"line":18,"column":8},"end":{"line":18,"column":36}},"10":{"start":{"line":18,"column":30},"end":{"line":18,"column":36}},"11":{"start":{"line":19,"column":8},"end":{"line":28,"column":null}},"12":{"start":{"line":20,"column":10},"end":{"line":20,"column":null}},"13":{"start":{"line":20,"column":42},"end":{"line":20,"column":75}},"14":{"start":{"line":22,"column":10},"end":{"line":24,"column":null}},"15":{"start":{"line":23,"column":25},"end":{"line":23,"column":null}},"16":{"start":{"line":25,"column":10},"end":{"line":27,"column":null}},"17":{"start":{"line":26,"column":12},"end":{"line":26,"column":null}},"18":{"start":{"line":26,"column":44},"end":{"line":26,"column":77}},"19":{"start":{"line":31,"column":8},"end":{"line":35,"column":null}},"20":{"start":{"line":33,"column":12},"end":{"line":34,"column":null}}},"fnMap":{"0":{"name":"(anonymous_0)","decl":{"start":{"line":9,"column":2},"end":{"line":9,"column":3}},"loc":{"start":{"line":9,"column":61},"end":{"line":10,"column":11}}},"1":{"name":"(anonymous_1)","decl":{"start":{"line":11,"column":47},"end":{"line":11,"column":48}},"loc":{"start":{"line":11,"column":61},"end":{"line":13,"column":7}}},"2":{"name":"(anonymous_2)","decl":{"start":{"line":14,"column":58},"end":{"line":14,"column":59}},"loc":{"start":{"line":14,"column":72},"end":{"line":29,"column":7}}},"3":{"name":"(anonymous_3)","decl":{"start":{"line":16,"column":10},"end":{"line":16,"column":17}},"loc":{"start":{"line":16,"column":17},"end":{"line":16,"column":28}}},"4":{"name":"(anonymous_4)","decl":{"start":{"line":20,"column":31},"end":{"line":20,"column":38}},"loc":{"start":{"line":20,"column":38},"end":{"line":20,"column":49}}},"5":{"name":"(anonymous_5)","decl":{"start":{"line":23,"column":12},"end":{"line":23,"column":21}},"loc":{"start":{"line":23,"column":21},"end":{"line":23,"column":34}}},"6":{"name":"(anonymous_6)","decl":{"start":{"line":26,"column":33},"end":{"line":26,"column":40}},"loc":{"start":{"line":26,"column":40},"end":{"line":26,"column":51}}},"7":{"name":"(anonymous_7)","decl":{"start":{"line":30,"column":41},"end":{"line":30,"column":42}},"loc":{"start":{"line":30,"column":55},"end":{"line":31,"column":13}}},"8":{"name":"(anonymous_8)","decl":{"start":{"line":32,"column":10},"end":{"line":32,"column":17}},"loc":{"start":{"line":32,"column":17},"end":{"line":33,"column":19}}}},"branchMap":{"0":{"loc":{"start":{"line":18,"column":8},"end":{"line":18,"column":36}},"type":"if","locations":[{"start":{"line":18,"column":8},"end":{"line":18,"column":36}},{"start":{"line":18,"column":8},"end":{"line":18,"column":36}}]},"1":{"loc":{"start":{"line":19,"column":8},"end":{"line":28,"column":null}},"type":"if","locations":[{"start":{"line":19,"column":8},"end":{"line":28,"column":null}},{"start":{"line":19,"column":8},"end":{"line":28,"column":null}}]},"2":{"loc":{"start":{"line":25,"column":10},"end":{"line":27,"column":null}},"type":"if","locations":[{"start":{"line":25,"column":10},"end":{"line":27,"column":null}},{"start":{"line":25,"column":10},"end":{"line":27,"column":null}}]},"3":{"loc":{"start":{"line":33,"column":12},"end":{"line":33,"column":57}},"type":"binary-expr","locations":[{"start":{"line":33,"column":12},"end":{"line":33,"column":57}},{"start":{"line":34,"column":12},"end":{"line":34,"column":65}}]}},"s":{"0":7,"1":7,"2":7,"3":7,"4":7,"5":7,"6":1,"7":1,"8":1,"9":1,"10":0,"11":1,"12":0,"13":0,"14":1,"15":2,"16":1,"17":0,"18":0,"19":1,"20":1},"f":{"0":7,"1":1,"2":1,"3":1,"4":0,"5":2,"6":0,"7":1,"8":1},"b":{"0":[0,1],"1":[0,1],"2":[0,1],"3":[1,0]}}
,"/Users/hfn/projects/dune-companion/packages/engine/src/reducers/alliancesReducer/alliancesReducer.ts": {"path":"/Users/hfn/projects/dune-companion/packages/engine/src/reducers/alliancesReducer/alliancesReducer.ts","statementMap":{"0":{"start":{"line":1,"column":0},"end":{"line":1,"column":73}},"1":{"start":{"line":2,"column":0},"end":{"line":2,"column":45}},"2":{"start":{"line":4,"column":0},"end":{"line":4,"column":36}},"3":{"start":{"line":5,"column":0},"end":{"line":5,"column":54}},"4":{"start":{"line":7,"column":13},"end":{"line":21,"column":null}},"5":{"start":{"line":10,"column":4},"end":{"line":20,"column":null}},"6":{"start":{"line":11,"column":28},"end":{"line":12,"column":null}},"7":{"start":{"line":12,"column":8},"end":{"line":12,"column":null}},"8":{"start":{"line":14,"column":23},"end":{"line":14,"column":43}},"9":{"start":{"line":15,"column":6},"end":{"line":19,"column":null}},"10":{"start":{"line":16,"column":8},"end":{"line":16,"column":null}},"11":{"start":{"line":18,"column":8},"end":{"line":18,"column":null}}},"fnMap":{"0":{"name":"(anonymous_0)","decl":{"start":{"line":9,"column":2},"end":{"line":9,"column":3}},"loc":{"start":{"line":9,"column":54},"end":{"line":10,"column":11}}},"1":{"name":"(anonymous_1)","decl":{"start":{"line":10,"column":46},"end":{"line":10,"column":47}},"loc":{"start":{"line":10,"column":60},"end":{"line":20,"column":5}}},"2":{"name":"(anonymous_2)","decl":{"start":{"line":11,"column":44},"end":{"line":11,"column":52}},"loc":{"start":{"line":11,"column":52},"end":{"line":12,"column":16}}}},"branchMap":{"0":{"loc":{"start":{"line":15,"column":6},"end":{"line":19,"column":null}},"type":"if","locations":[{"start":{"line":15,"column":6},"end":{"line":19,"column":null}},{"start":{"line":15,"column":6},"end":{"line":19,"column":null}}]},"1":{"loc":{"start":{"line":15,"column":10},"end":{"line":15,"column":18}},"type":"binary-expr","locations":[{"start":{"line":15,"column":10},"end":{"line":15,"column":18}},{"start":{"line":15,"column":22},"end":{"line":15,"column":49}}]}},"s":{"0":7,"1":7,"2":7,"3":7,"4":7,"5":7,"6":1,"7":1,"8":1,"9":1,"10":1,"11":0},"f":{"0":7,"1":1,"2":1},"b":{"0":[1,0],"1":[1,1]}}
,"/Users/hfn/projects/dune-companion/packages/engine/src/reducers/auctionsReducer/auctionsReducer.ts": {"path":"/Users/hfn/projects/dune-companion/packages/engine/src/reducers/auctionsReducer/auctionsReducer.ts","statementMap":{"0":{"start":{"line":1,"column":0},"end":{"line":1,"column":73}},"1":{"start":{"line":2,"column":0},"end":{"line":2,"column":45}},"2":{"start":{"line":4,"column":0},"end":{"line":4,"column":54}},"3":{"start":{"line":6,"column":13},"end":{"line":55,"column":null}},"4":{"start":{"line":9,"column":4},"end":{"line":54,"column":null}},"5":{"start":{"line":11,"column":28},"end":{"line":11,"column":46}},"6":{"start":{"line":12,"column":26},"end":{"line":12,"column":57}},"7":{"start":{"line":13,"column":23},"end":{"line":13,"column":79}},"8":{"start":{"line":14,"column":8},"end":{"line":14,"column":53}},"9":{"start":{"line":14,"column":47},"end":{"line":14,"column":53}},"10":{"start":{"line":15,"column":8},"end":{"line":17,"column":null}},"11":{"start":{"line":16,"column":10},"end":{"line":16,"column":null}},"12":{"start":{"line":18,"column":8},"end":{"line":21,"column":null}},"13":{"start":{"line":22,"column":8},"end":{"line":23,"column":null}},"14":{"start":{"line":26,"column":28},"end":{"line":26,"column":46}},"15":{"start":{"line":27,"column":26},"end":{"line":27,"column":57}},"16":{"start":{"line":28,"column":8},"end":{"line":30,"column":null}},"17":{"start":{"line":29,"column":10},"end":{"line":29,"column":null}},"18":{"start":{"line":31,"column":8},"end":{"line":31,"column":null}},"19":{"start":{"line":32,"column":8},"end":{"line":33,"column":null}},"20":{"start":{"line":35,"column":8},"end":{"line":41,"column":null}},"21":{"start":{"line":39,"column":10},"end":{"line":39,"column":null}},"22":{"start":{"line":40,"column":10},"end":{"line":40,"column":null}},"23":{"start":{"line":43,"column":8},"end":{"line":53,"column":null}},"24":{"start":{"line":44,"column":10},"end":{"line":44,"column":null}},"25":{"start":{"line":45,"column":10},"end":{"line":52,"column":null}},"26":{"start":{"line":46,"column":12},"end":{"line":49,"column":null}},"27":{"start":{"line":51,"column":12},"end":{"line":51,"column":null}}},"fnMap":{"0":{"name":"(anonymous_0)","decl":{"start":{"line":8,"column":2},"end":{"line":8,"column":3}},"loc":{"start":{"line":8,"column":53},"end":{"line":9,"column":11}}},"1":{"name":"(anonymous_1)","decl":{"start":{"line":10,"column":40},"end":{"line":10,"column":41}},"loc":{"start":{"line":10,"column":54},"end":{"line":24,"column":7}}},"2":{"name":"(anonymous_2)","decl":{"start":{"line":25,"column":39},"end":{"line":25,"column":40}},"loc":{"start":{"line":25,"column":53},"end":{"line":54,"column":7}}}},"branchMap":{"0":{"loc":{"start":{"line":14,"column":8},"end":{"line":14,"column":53}},"type":"if","locations":[{"start":{"line":14,"column":8},"end":{"line":14,"column":53}},{"start":{"line":14,"column":8},"end":{"line":14,"column":53}}]},"1":{"loc":{"start":{"line":15,"column":8},"end":{"line":17,"column":null}},"type":"if","locations":[{"start":{"line":15,"column":8},"end":{"line":17,"column":null}},{"start":{"line":15,"column":8},"end":{"line":17,"column":null}}]},"2":{"loc":{"start":{"line":28,"column":8},"end":{"line":30,"column":null}},"type":"if","locations":[{"start":{"line":28,"column":8},"end":{"line":30,"column":null}},{"start":{"line":28,"column":8},"end":{"line":30,"column":null}}]},"3":{"loc":{"start":{"line":35,"column":8},"end":{"line":41,"column":null}},"type":"if","locations":[{"start":{"line":35,"column":8},"end":{"line":41,"column":null}},{"start":{"line":35,"column":8},"end":{"line":41,"column":null}}]},"4":{"loc":{"start":{"line":36,"column":10},"end":{"line":36,"column":37}},"type":"binary-expr","locations":[{"start":{"line":36,"column":10},"end":{"line":36,"column":37}},{"start":{"line":37,"column":10},"end":{"line":37,"column":70}}]},"5":{"loc":{"start":{"line":43,"column":8},"end":{"line":53,"column":null}},"type":"if","locations":[{"start":{"line":43,"column":8},"end":{"line":53,"column":null}},{"start":{"line":43,"column":8},"end":{"line":53,"column":null}}]},"6":{"loc":{"start":{"line":45,"column":10},"end":{"line":52,"column":null}},"type":"if","locations":[{"start":{"line":45,"column":10},"end":{"line":52,"column":null}},{"start":{"line":45,"column":10},"end":{"line":52,"column":null}}]}},"s":{"0":6,"1":6,"2":6,"3":6,"4":6,"5":3,"6":3,"7":3,"8":3,"9":1,"10":2,"11":2,"12":2,"13":2,"14":3,"15":3,"16":3,"17":2,"18":3,"19":3,"20":3,"21":1,"22":1,"23":3,"24":2,"25":2,"26":2,"27":0},"f":{"0":6,"1":3,"2":3},"b":{"0":[1,2],"1":[2,0],"2":[2,1],"3":[1,2],"4":[3,2],"5":[2,1],"6":[2,0]}}
,"/Users/hfn/projects/dune-companion/packages/engine/src/reducers/conditionsReducer/conditionsReducer.ts": {"path":"/Users/hfn/projects/dune-companion/packages/engine/src/reducers/conditionsReducer/conditionsReducer.ts","statementMap":{"0":{"start":{"line":1,"column":0},"end":{"line":1,"column":73}},"1":{"start":{"line":2,"column":0},"end":{"line":2,"column":45}},"2":{"start":{"line":4,"column":0},"end":{"line":4,"column":54}},"3":{"start":{"line":6,"column":13},"end":{"line":13,"column":null}},"4":{"start":{"line":9,"column":4},"end":{"line":12,"column":null}},"5":{"start":{"line":11,"column":21},"end":{"line":11,"column":null}},"6":{"start":{"line":15,"column":13},"end":{"line":22,"column":null}},"7":{"start":{"line":18,"column":4},"end":{"line":21,"column":null}},"8":{"start":{"line":20,"column":21},"end":{"line":20,"column":null}},"9":{"start":{"line":24,"column":13},"end":{"line":31,"column":null}},"10":{"start":{"line":27,"column":4},"end":{"line":30,"column":null}},"11":{"start":{"line":29,"column":21},"end":{"line":29,"column":null}}},"fnMap":{"0":{"name":"(anonymous_0)","decl":{"start":{"line":8,"column":2},"end":{"line":8,"column":3}},"loc":{"start":{"line":8,"column":55},"end":{"line":9,"column":11}}},"1":{"name":"(anonymous_1)","decl":{"start":{"line":11,"column":6},"end":{"line":11,"column":7}},"loc":{"start":{"line":11,"column":16},"end":{"line":11,"column":27}}},"2":{"name":"(anonymous_2)","decl":{"start":{"line":17,"column":2},"end":{"line":17,"column":3}},"loc":{"start":{"line":17,"column":55},"end":{"line":18,"column":11}}},"3":{"name":"(anonymous_3)","decl":{"start":{"line":20,"column":6},"end":{"line":20,"column":7}},"loc":{"start":{"line":20,"column":16},"end":{"line":20,"column":27}}},"4":{"name":"(anonymous_4)","decl":{"start":{"line":26,"column":2},"end":{"line":26,"column":3}},"loc":{"start":{"line":26,"column":59},"end":{"line":27,"column":11}}},"5":{"name":"(anonymous_5)","decl":{"start":{"line":29,"column":6},"end":{"line":29,"column":7}},"loc":{"start":{"line":29,"column":16},"end":{"line":29,"column":27}}}},"branchMap":{},"s":{"0":7,"1":7,"2":7,"3":7,"4":7,"5":1,"6":7,"7":7,"8":1,"9":7,"10":7,"11":1},"f":{"0":7,"1":1,"2":7,"3":1,"4":7,"5":1},"b":{}}
,"/Users/hfn/projects/dune-companion/packages/engine/src/reducers/currentFirstPlayerReducer/currentFirstPlayerReducer.ts": {"path":"/Users/hfn/projects/dune-companion/packages/engine/src/reducers/currentFirstPlayerReducer/currentFirstPlayerReducer.ts","statementMap":{"0":{"start":{"line":1,"column":0},"end":{"line":1,"column":73}},"1":{"start":{"line":2,"column":0},"end":{"line":2,"column":45}},"2":{"start":{"line":4,"column":0},"end":{"line":4,"column":54}},"3":{"start":{"line":6,"column":13},"end":{"line":13,"column":null}},"4":{"start":{"line":9,"column":4},"end":{"line":12,"column":null}},"5":{"start":{"line":11,"column":21},"end":{"line":11,"column":null}}},"fnMap":{"0":{"name":"(anonymous_0)","decl":{"start":{"line":8,"column":2},"end":{"line":8,"column":3}},"loc":{"start":{"line":8,"column":63},"end":{"line":9,"column":11}}},"1":{"name":"(anonymous_1)","decl":{"start":{"line":11,"column":6},"end":{"line":11,"column":7}},"loc":{"start":{"line":11,"column":16},"end":{"line":11,"column":27}}}},"branchMap":{},"s":{"0":7,"1":7,"2":7,"3":7,"4":7,"5":1},"f":{"0":7,"1":1},"b":{}}
,"/Users/hfn/projects/dune-companion/packages/engine/src/reducers/currentPhaseReducer/currentPhaseReducer.ts": {"path":"/Users/hfn/projects/dune-companion/packages/engine/src/reducers/currentPhaseReducer/currentPhaseReducer.ts","statementMap":{"0":{"start":{"line":1,"column":0},"end":{"line":1,"column":73}},"1":{"start":{"line":2,"column":0},"end":{"line":2,"column":45}},"2":{"start":{"line":4,"column":0},"end":{"line":4,"column":54}},"3":{"start":{"line":6,"column":13},"end":{"line":10,"column":null}},"4":{"start":{"line":9,"column":4},"end":{"line":9,"column":null}},"5":{"start":{"line":9,"column":53},"end":{"line":9,"column":61}}},"fnMap":{"0":{"name":"(anonymous_0)","decl":{"start":{"line":8,"column":2},"end":{"line":8,"column":3}},"loc":{"start":{"line":8,"column":57},"end":{"line":9,"column":11}}},"1":{"name":"(anonymous_1)","decl":{"start":{"line":9,"column":47},"end":{"line":9,"column":53}},"loc":{"start":{"line":9,"column":47},"end":{"line":9,"column":60}}}},"branchMap":{},"s":{"0":7,"1":7,"2":7,"3":7,"4":7,"5":1},"f":{"0":7,"1":1},"b":{}}
,"/Users/hfn/projects/dune-companion/packages/engine/src/reducers/currentPhaseReducer/index.ts": {"path":"/Users/hfn/projects/dune-companion/packages/engine/src/reducers/currentPhaseReducer/index.ts","statementMap":{"0":{"start":{"line":1,"column":0},"end":{"line":1,"column":9}},"1":{"start":{"line":1,"column":9},"end":{"line":1,"column":59}}},"fnMap":{"0":{"name":"(anonymous_0)","decl":{"start":{"line":1,"column":9},"end":{"line":1,"column":28}},"loc":{"start":{"line":1,"column":9},"end":{"line":1,"column":59}}}},"branchMap":{},"s":{"0":7,"1":14},"f":{"0":7},"b":{}}
,"/Users/hfn/projects/dune-companion/packages/engine/src/reducers/phaseCompletionReducer/phaseCompletionReducer.ts": {"path":"/Users/hfn/projects/dune-companion/packages/engine/src/reducers/phaseCompletionReducer/phaseCompletionReducer.ts","statementMap":{"0":{"start":{"line":1,"column":0},"end":{"line":1,"column":null}},"1":{"start":{"line":8,"column":0},"end":{"line":8,"column":54}},"2":{"start":{"line":10,"column":38},"end":{"line":95,"column":1}},"3":{"start":{"line":11,"column":2},"end":{"line":11,"column":null}},"4":{"start":{"line":13,"column":2},"end":{"line":94,"column":null}},"5":{"start":{"line":15,"column":6},"end":{"line":17,"column":null}},"6":{"start":{"line":16,"column":8},"end":{"line":16,"column":null}},"7":{"start":{"line":18,"column":6},"end":{"line":18,"column":null}},"8":{"start":{"line":20,"column":6},"end":{"line":22,"column":null}},"9":{"start":{"line":21,"column":8},"end":{"line":21,"column":null}},"10":{"start":{"line":23,"column":6},"end":{"line":23,"column":null}},"11":{"start":{"line":25,"column":6},"end":{"line":27,"column":null}},"12":{"start":{"line":26,"column":8},"end":{"line":26,"column":null}},"13":{"start":{"line":28,"column":6},"end":{"line":28,"column":null}},"14":{"start":{"line":30,"column":6},"end":{"line":32,"column":null}},"15":{"start":{"line":31,"column":8},"end":{"line":31,"column":null}},"16":{"start":{"line":33,"column":6},"end":{"line":33,"column":null}},"17":{"start":{"line":35,"column":6},"end":{"line":37,"column":null}},"18":{"start":{"line":36,"column":8},"end":{"line":36,"column":null}},"19":{"start":{"line":38,"column":6},"end":{"line":38,"column":null}},"20":{"start":{"line":40,"column":6},"end":{"line":42,"column":null}},"21":{"start":{"line":41,"column":8},"end":{"line":41,"column":null}},"22":{"start":{"line":43,"column":6},"end":{"line":43,"column":null}},"23":{"start":{"line":59,"column":6},"end":{"line":61,"column":null}},"24":{"start":{"line":60,"column":8},"end":{"line":60,"column":null}},"25":{"start":{"line":62,"column":6},"end":{"line":64,"column":null}},"26":{"start":{"line":63,"column":8},"end":{"line":63,"column":null}},"27":{"start":{"line":65,"column":6},"end":{"line":65,"column":null}},"28":{"start":{"line":67,"column":6},"end":{"line":69,"column":null}},"29":{"start":{"line":68,"column":8},"end":{"line":68,"column":null}},"30":{"start":{"line":71,"column":6},"end":{"line":73,"column":null}},"31":{"start":{"line":72,"column":8},"end":{"line":72,"column":null}},"32":{"start":{"line":74,"column":6},"end":{"line":74,"column":null}},"33":{"start":{"line":76,"column":6},"end":{"line":78,"column":null}},"34":{"start":{"line":77,"column":8},"end":{"line":77,"column":null}},"35":{"start":{"line":79,"column":6},"end":{"line":79,"column":null}},"36":{"start":{"line":81,"column":6},"end":{"line":83,"column":null}},"37":{"start":{"line":82,"column":8},"end":{"line":82,"column":null}},"38":{"start":{"line":84,"column":6},"end":{"line":84,"column":null}},"39":{"start":{"line":86,"column":6},"end":{"line":90,"column":null}},"40":{"start":{"line":87,"column":8},"end":{"line":89,"column":null}},"41":{"start":{"line":91,"column":6},"end":{"line":91,"column":null}},"42":{"start":{"line":93,"column":6},"end":{"line":93,"column":null}},"43":{"start":{"line":10,"column":13},"end":{"line":10,"column":38}},"44":{"start":{"line":98,"column":2},"end":{"line":98,"column":null}},"45":{"start":{"line":98,"column":54},"end":{"line":98,"column":79}},"46":{"start":{"line":102,"column":2},"end":{"line":102,"column":null}},"47":{"start":{"line":106,"column":18},"end":{"line":106,"column":46}},"48":{"start":{"line":107,"column":2},"end":{"line":110,"column":null}},"49":{"start":{"line":109,"column":28},"end":{"line":109,"column":74}}},"fnMap":{"0":{"name":"(anonymous_0)","decl":{"start":{"line":10,"column":38},"end":{"line":10,"column":null}},"loc":{"start":{"line":11,"column":32},"end":{"line":95,"column":1}}},"1":{"name":"playersReady","decl":{"start":{"line":97,"column":9},"end":{"line":97,"column":21}},"loc":{"start":{"line":97,"column":33},"end":{"line":99,"column":1}}},"2":{"name":"(anonymous_2)","decl":{"start":{"line":98,"column":44},"end":{"line":98,"column":50}},"loc":{"start":{"line":98,"column":50},"end":{"line":98,"column":60}}},"3":{"name":"firstPlayerSet","decl":{"start":{"line":101,"column":9},"end":{"line":101,"column":23}},"loc":{"start":{"line":101,"column":35},"end":{"line":103,"column":1}}},"4":{"name":"playerBasicsSet","decl":{"start":{"line":105,"column":9},"end":{"line":105,"column":24}},"loc":{"start":{"line":105,"column":36},"end":{"line":111,"column":1}}},"5":{"name":"(anonymous_5)","decl":{"start":{"line":109,"column":18},"end":{"line":109,"column":24}},"loc":{"start":{"line":109,"column":24},"end":{"line":109,"column":34}}}},"branchMap":{"0":{"loc":{"start":{"line":11,"column":2},"end":{"line":11,"column":null}},"type":"if","locations":[{"start":{"line":11,"column":2},"end":{"line":11,"column":null}},{"start":{"line":11,"column":2},"end":{"line":11,"column":null}}]},"1":{"loc":{"start":{"line":14,"column":4},"end":{"line":18,"column":null}},"type":"switch","locations":[{"start":{"line":14,"column":4},"end":{"line":18,"column":null}},{"start":{"line":19,"column":4},"end":{"line":23,"column":null}},{"start":{"line":24,"column":4},"end":{"line":28,"column":null}},{"start":{"line":29,"column":4},"end":{"line":33,"column":null}},{"start":{"line":34,"column":4},"end":{"line":38,"column":null}},{"start":{"line":39,"column":4},"end":{"line":43,"column":null}},{"start":{"line":44,"column":4},"end":{"line":65,"column":null}},{"start":{"line":66,"column":4},"end":{"line":69,"column":null}},{"start":{"line":70,"column":4},"end":{"line":74,"column":null}},{"start":{"line":75,"column":4},"end":{"line":79,"column":null}},{"start":{"line":80,"column":4},"end":{"line":84,"column":null}},{"start":{"line":85,"column":4},"end":{"line":91,"column":null}},{"start":{"line":92,"column":4},"end":{"line":93,"column":null}}]},"2":{"loc":{"start":{"line":15,"column":6},"end":{"line":17,"column":null}},"type":"if","locations":[{"start":{"line":15,"column":6},"end":{"line":17,"column":null}},{"start":{"line":15,"column":6},"end":{"line":17,"column":null}}]},"3":{"loc":{"start":{"line":20,"column":6},"end":{"line":22,"column":null}},"type":"if","locations":[{"start":{"line":20,"column":6},"end":{"line":22,"column":null}},{"start":{"line":20,"column":6},"end":{"line":22,"column":null}}]},"4":{"loc":{"start":{"line":25,"column":6},"end":{"line":27,"column":null}},"type":"if","locations":[{"start":{"line":25,"column":6},"end":{"line":27,"column":null}},{"start":{"line":25,"column":6},"end":{"line":27,"column":null}}]},"5":{"loc":{"start":{"line":25,"column":10},"end":{"line":25,"column":31}},"type":"binary-expr","locations":[{"start":{"line":25,"column":10},"end":{"line":25,"column":31}},{"start":{"line":25,"column":35},"end":{"line":25,"column":54}}]},"6":{"loc":{"start":{"line":30,"column":6},"end":{"line":32,"column":null}},"type":"if","locations":[{"start":{"line":30,"column":6},"end":{"line":32,"column":null}},{"start":{"line":30,"column":6},"end":{"line":32,"column":null}}]},"7":{"loc":{"start":{"line":35,"column":6},"end":{"line":37,"column":null}},"type":"if","locations":[{"start":{"line":35,"column":6},"end":{"line":37,"column":null}},{"start":{"line":35,"column":6},"end":{"line":37,"column":null}}]},"8":{"loc":{"start":{"line":40,"column":6},"end":{"line":42,"column":null}},"type":"if","locations":[{"start":{"line":40,"column":6},"end":{"line":42,"column":null}},{"start":{"line":40,"column":6},"end":{"line":42,"column":null}}]},"9":{"loc":{"start":{"line":59,"column":6},"end":{"line":61,"column":null}},"type":"if","locations":[{"start":{"line":59,"column":6},"end":{"line":61,"column":null}},{"start":{"line":59,"column":6},"end":{"line":61,"column":null}}]},"10":{"loc":{"start":{"line":62,"column":6},"end":{"line":64,"column":null}},"type":"if","locations":[{"start":{"line":62,"column":6},"end":{"line":64,"column":null}},{"start":{"line":62,"column":6},"end":{"line":64,"column":null}}]},"11":{"loc":{"start":{"line":62,"column":10},"end":{"line":62,"column":54}},"type":"binary-expr","locations":[{"start":{"line":62,"column":10},"end":{"line":62,"column":54}},{"start":{"line":62,"column":58},"end":{"line":62,"column":77}}]},"12":{"loc":{"start":{"line":67,"column":6},"end":{"line":69,"column":null}},"type":"if","locations":[{"start":{"line":67,"column":6},"end":{"line":69,"column":null}},{"start":{"line":67,"column":6},"end":{"line":69,"column":null}}]},"13":{"loc":{"start":{"line":71,"column":6},"end":{"line":73,"column":null}},"type":"if","locations":[{"start":{"line":71,"column":6},"end":{"line":73,"column":null}},{"start":{"line":71,"column":6},"end":{"line":73,"column":null}}]},"14":{"loc":{"start":{"line":76,"column":6},"end":{"line":78,"column":null}},"type":"if","locations":[{"start":{"line":76,"column":6},"end":{"line":78,"column":null}},{"start":{"line":76,"column":6},"end":{"line":78,"column":null}}]},"15":{"loc":{"start":{"line":81,"column":6},"end":{"line":83,"column":null}},"type":"if","locations":[{"start":{"line":81,"column":6},"end":{"line":83,"column":null}},{"start":{"line":81,"column":6},"end":{"line":83,"column":null}}]},"16":{"loc":{"start":{"line":86,"column":6},"end":{"line":90,"column":null}},"type":"if","locations":[{"start":{"line":86,"column":6},"end":{"line":90,"column":null}},{"start":{"line":86,"column":6},"end":{"line":90,"column":null}}]},"17":{"loc":{"start":{"line":88,"column":12},"end":{"line":88,"column":42}},"type":"cond-expr","locations":[{"start":{"line":88,"column":12},"end":{"line":88,"column":42}},{"start":{"line":89,"column":12},"end":{"line":89,"column":37}}]},"18":{"loc":{"start":{"line":108,"column":4},"end":{"line":108,"column":22}},"type":"binary-expr","locations":[{"start":{"line":108,"column":4},"end":{"line":108,"column":22}},{"start":{"line":109,"column":4},"end":{"line":109,"column":74}}]},"19":{"loc":{"start":{"line":109,"column":28},"end":{"line":109,"column":51}},"type":"binary-expr","locations":[{"start":{"line":109,"column":28},"end":{"line":109,"column":51}},{"start":{"line":109,"column":55},"end":{"line":109,"column":73}}]}},"s":{"0":6,"1":6,"2":6,"3":11,"4":11,"5":3,"6":1,"7":2,"8":1,"9":1,"10":0,"11":0,"12":0,"13":0,"14":0,"15":0,"16":0,"17":0,"18":0,"19":0,"20":1,"21":1,"22":0,"23":2,"24":2,"25":0,"26":0,"27":0,"28":1,"29":0,"30":1,"31":0,"32":1,"33":1,"34":1,"35":0,"36":0,"37":0,"38":0,"39":2,"40":2,"41":0,"42":0,"43":6,"44":7,"45":14,"46":0,"47":3,"48":3,"49":3},"f":{"0":11,"1":7,"2":14,"3":0,"4":3,"5":3},"b":{"0":[0,11],"1":[3,1,0,0,0,1,2,1,1,1,0,2,0],"2":[1,2],"3":[1,0],"4":[0,0],"5":[0,0],"6":[0,0],"7":[0,0],"8":[1,0],"9":[2,0],"10":[0,0],"11":[0,0],"12":[0,1],"13":[0,1],"14":[1,0],"15":[0,0],"16":[2,0],"17":[1,1],"18":[3,2],"19":[3,2]}}
,"/Users/hfn/projects/dune-companion/packages/engine/src/reducers/phaseStatesReducer/phaseStatesReducer.ts": {"path":"/Users/hfn/projects/dune-companion/packages/engine/src/reducers/phaseStatesReducer/phaseStatesReducer.ts","statementMap":{"0":{"start":{"line":1,"column":0},"end":{"line":1,"column":48}},"1":{"start":{"line":2,"column":0},"end":{"line":2,"column":45}},"2":{"start":{"line":4,"column":0},"end":{"line":4,"column":54}},"3":{"start":{"line":6,"column":13},"end":{"line":35,"column":null}},"4":{"start":{"line":9,"column":4},"end":{"line":34,"column":null}},"5":{"start":{"line":11,"column":8},"end":{"line":19,"column":null}},"6":{"start":{"line":12,"column":10},"end":{"line":18,"column":null}},"7":{"start":{"line":15,"column":14},"end":{"line":17,"column":null}},"8":{"start":{"line":22,"column":8},"end":{"line":30,"column":null}},"9":{"start":{"line":23,"column":10},"end":{"line":29,"column":null}},"10":{"start":{"line":26,"column":14},"end":{"line":28,"column":null}},"11":{"start":{"line":33,"column":8},"end":{"line":33,"column":null}}},"fnMap":{"0":{"name":"(anonymous_0)","decl":{"start":{"line":8,"column":2},"end":{"line":8,"column":9}},"loc":{"start":{"line":8,"column":9},"end":{"line":9,"column":11}}},"1":{"name":"(anonymous_1)","decl":{"start":{"line":10,"column":60},"end":{"line":10,"column":61}},"loc":{"start":{"line":10,"column":74},"end":{"line":20,"column":7}}},"2":{"name":"(anonymous_2)","decl":{"start":{"line":11,"column":35},"end":{"line":11,"column":40}},"loc":{"start":{"line":11,"column":40},"end":{"line":19,"column":9}}},"3":{"name":"(anonymous_3)","decl":{"start":{"line":21,"column":56},"end":{"line":21,"column":57}},"loc":{"start":{"line":21,"column":70},"end":{"line":31,"column":7}}},"4":{"name":"(anonymous_4)","decl":{"start":{"line":22,"column":35},"end":{"line":22,"column":40}},"loc":{"start":{"line":22,"column":40},"end":{"line":30,"column":9}}},"5":{"name":"(anonymous_5)","decl":{"start":{"line":32,"column":47},"end":{"line":32,"column":52}},"loc":{"start":{"line":32,"column":52},"end":{"line":34,"column":7}}}},"branchMap":{"0":{"loc":{"start":{"line":12,"column":10},"end":{"line":18,"column":null}},"type":"if","locations":[{"start":{"line":12,"column":10},"end":{"line":18,"column":null}},{"start":{"line":12,"column":10},"end":{"line":18,"column":null}}]},"1":{"loc":{"start":{"line":23,"column":10},"end":{"line":29,"column":null}},"type":"if","locations":[{"start":{"line":23,"column":10},"end":{"line":29,"column":null}},{"start":{"line":23,"column":10},"end":{"line":29,"column":null}}]}},"s":{"0":7,"1":7,"2":7,"3":7,"4":7,"5":1,"6":12,"7":1,"8":1,"9":12,"10":1,"11":0},"f":{"0":7,"1":1,"2":12,"3":1,"4":12,"5":0},"b":{"0":[1,11],"1":[1,11]}}
,"/Users/hfn/projects/dune-companion/packages/engine/src/reducers/playerOrderReducer/playerOrderReducer.ts": {"path":"/Users/hfn/projects/dune-companion/packages/engine/src/reducers/playerOrderReducer/playerOrderReducer.ts","statementMap":{"0":{"start":{"line":1,"column":0},"end":{"line":1,"column":73}},"1":{"start":{"line":2,"column":0},"end":{"line":2,"column":45}},"2":{"start":{"line":4,"column":0},"end":{"line":4,"column":36}},"3":{"start":{"line":5,"column":0},"end":{"line":5,"column":54}},"4":{"start":{"line":7,"column":13},"end":{"line":26,"column":null}},"5":{"start":{"line":10,"column":4},"end":{"line":25,"column":null}},"6":{"start":{"line":11,"column":61},"end":{"line":11,"column":null}},"7":{"start":{"line":15,"column":59},"end":{"line":15,"column":null}},"8":{"start":{"line":20,"column":8},"end":{"line":20,"column":null}},"9":{"start":{"line":24,"column":23},"end":{"line":24,"column":null}}},"fnMap":{"0":{"name":"(anonymous_2)","decl":{"start":{"line":9,"column":2},"end":{"line":9,"column":3}},"loc":{"start":{"line":9,"column":56},"end":{"line":10,"column":11}}},"1":{"name":"(anonymous_3)","decl":{"start":{"line":11,"column":42},"end":{"line":11,"column":43}},"loc":{"start":{"line":11,"column":56},"end":{"line":11,"column":null}}},"2":{"name":"(anonymous_4)","decl":{"start":{"line":15,"column":40},"end":{"line":15,"column":41}},"loc":{"start":{"line":15,"column":54},"end":{"line":15,"column":null}}},"3":{"name":"(anonymous_5)","decl":{"start":{"line":19,"column":41},"end":{"line":19,"column":42}},"loc":{"start":{"line":19,"column":55},"end":{"line":20,"column":12}}},"4":{"name":"(anonymous_6)","decl":{"start":{"line":24,"column":8},"end":{"line":24,"column":9}},"loc":{"start":{"line":24,"column":18},"end":{"line":24,"column":29}}}},"branchMap":{},"s":{"0":7,"1":7,"2":7,"3":7,"4":7,"5":7,"6":1,"7":2,"8":1,"9":1},"f":{"0":7,"1":1,"2":2,"3":1,"4":1},"b":{}}
,"/Users/hfn/projects/dune-companion/packages/engine/src/reducers/playersReducer/playersReducer.ts": {"path":"/Users/hfn/projects/dune-companion/packages/engine/src/reducers/playersReducer/playersReducer.ts","statementMap":{"0":{"start":{"line":1,"column":0},"end":{"line":1,"column":73}},"1":{"start":{"line":2,"column":0},"end":{"line":2,"column":45}},"2":{"start":{"line":3,"column":0},"end":{"line":3,"column":45}},"3":{"start":{"line":4,"column":0},"end":{"line":4,"column":46}},"4":{"start":{"line":6,"column":0},"end":{"line":6,"column":54}},"5":{"start":{"line":8,"column":13},"end":{"line":74,"column":null}},"6":{"start":{"line":11,"column":4},"end":{"line":73,"column":null}},"7":{"start":{"line":14,"column":10},"end":{"line":16,"column":null}},"8":{"start":{"line":16,"column":22},"end":{"line":16,"column":null}},"9":{"start":{"line":18,"column":8},"end":{"line":18,"column":null}},"10":{"start":{"line":18,"column":31},"end":{"line":18,"column":null}},"11":{"start":{"line":20,"column":8},"end":{"line":20,"column":null}},"12":{"start":{"line":22,"column":8},"end":{"line":26,"column":null}},"13":{"start":{"line":23,"column":10},"end":{"line":23,"column":null}},"14":{"start":{"line":24,"column":10},"end":{"line":24,"column":null}},"15":{"start":{"line":25,"column":10},"end":{"line":25,"column":16}},"16":{"start":{"line":28,"column":8},"end":{"line":29,"column":null}},"17":{"start":{"line":30,"column":8},"end":{"line":31,"column":null}},"18":{"start":{"line":34,"column":8},"end":{"line":41,"column":null}},"19":{"start":{"line":37,"column":22},"end":{"line":37,"column":null}},"20":{"start":{"line":40,"column":10},"end":{"line":40,"column":null}},"21":{"start":{"line":42,"column":8},"end":{"line":42,"column":null}},"22":{"start":{"line":45,"column":8},"end":{"line":45,"column":null}},"23":{"start":{"line":46,"column":8},"end":{"line":46,"column":null}},"24":{"start":{"line":49,"column":8},"end":{"line":51,"column":null}},"25":{"start":{"line":54,"column":8},"end":{"line":56,"column":null}},"26":{"start":{"line":55,"column":10},"end":{"line":55,"column":null}},"27":{"start":{"line":60,"column":8},"end":{"line":60,"column":null}},"28":{"start":{"line":63,"column":8},"end":{"line":63,"column":null}},"29":{"start":{"line":66,"column":8},"end":{"line":66,"column":null}},"30":{"start":{"line":69,"column":8},"end":{"line":69,"column":null}},"31":{"start":{"line":72,"column":8},"end":{"line":72,"column":null}}},"fnMap":{"0":{"name":"(anonymous_0)","decl":{"start":{"line":10,"column":2},"end":{"line":10,"column":3}},"loc":{"start":{"line":10,"column":52},"end":{"line":11,"column":11}}},"1":{"name":"(anonymous_1)","decl":{"start":{"line":12,"column":45},"end":{"line":12,"column":46}},"loc":{"start":{"line":12,"column":59},"end":{"line":32,"column":7}}},"2":{"name":"(anonymous_2)","decl":{"start":{"line":16,"column":12},"end":{"line":16,"column":18}},"loc":{"start":{"line":16,"column":18},"end":{"line":16,"column":28}}},"3":{"name":"(anonymous_3)","decl":{"start":{"line":33,"column":49},"end":{"line":33,"column":50}},"loc":{"start":{"line":33,"column":63},"end":{"line":43,"column":7}}},"4":{"name":"(anonymous_4)","decl":{"start":{"line":37,"column":12},"end":{"line":37,"column":18}},"loc":{"start":{"line":37,"column":18},"end":{"line":37,"column":28}}},"5":{"name":"(anonymous_5)","decl":{"start":{"line":44,"column":40},"end":{"line":44,"column":41}},"loc":{"start":{"line":44,"column":54},"end":{"line":47,"column":7}}},"6":{"name":"(anonymous_6)","decl":{"start":{"line":48,"column":42},"end":{"line":48,"column":43}},"loc":{"start":{"line":48,"column":56},"end":{"line":52,"column":7}}},"7":{"name":"(anonymous_7)","decl":{"start":{"line":53,"column":40},"end":{"line":53,"column":41}},"loc":{"start":{"line":53,"column":54},"end":{"line":57,"column":7}}},"8":{"name":"(anonymous_8)","decl":{"start":{"line":58,"column":41},"end":{"line":58,"column":42}},"loc":{"start":{"line":58,"column":55},"end":{"line":61,"column":7}}},"9":{"name":"(anonymous_9)","decl":{"start":{"line":62,"column":43},"end":{"line":62,"column":44}},"loc":{"start":{"line":62,"column":57},"end":{"line":64,"column":7}}},"10":{"name":"(anonymous_10)","decl":{"start":{"line":65,"column":47},"end":{"line":65,"column":48}},"loc":{"start":{"line":65,"column":61},"end":{"line":67,"column":7}}},"11":{"name":"(anonymous_11)","decl":{"start":{"line":68,"column":47},"end":{"line":68,"column":48}},"loc":{"start":{"line":68,"column":61},"end":{"line":70,"column":7}}},"12":{"name":"(anonymous_12)","decl":{"start":{"line":71,"column":57},"end":{"line":71,"column":58}},"loc":{"start":{"line":71,"column":71},"end":{"line":73,"column":7}}}},"branchMap":{"0":{"loc":{"start":{"line":14,"column":10},"end":{"line":14,"column":41}},"type":"binary-expr","locations":[{"start":{"line":14,"column":10},"end":{"line":14,"column":41}},{"start":{"line":15,"column":10},"end":{"line":16,"column":null}}]},"1":{"loc":{"start":{"line":18,"column":8},"end":{"line":18,"column":null}},"type":"if","locations":[{"start":{"line":18,"column":8},"end":{"line":18,"column":null}},{"start":{"line":18,"column":8},"end":{"line":18,"column":null}}]},"2":{"loc":{"start":{"line":22,"column":8},"end":{"line":26,"column":null}},"type":"if","locations":[{"start":{"line":22,"column":8},"end":{"line":26,"column":null}},{"start":{"line":22,"column":8},"end":{"line":26,"column":null}}]},"3":{"loc":{"start":{"line":34,"column":8},"end":{"line":41,"column":null}},"type":"if","locations":[{"start":{"line":34,"column":8},"end":{"line":41,"column":null}},{"start":{"line":34,"column":8},"end":{"line":41,"column":null}}]},"4":{"loc":{"start":{"line":35,"column":10},"end":{"line":35,"column":36}},"type":"binary-expr","locations":[{"start":{"line":35,"column":10},"end":{"line":35,"column":36}},{"start":{"line":36,"column":10},"end":{"line":37,"column":null}}]},"5":{"loc":{"start":{"line":54,"column":8},"end":{"line":56,"column":null}},"type":"if","locations":[{"start":{"line":54,"column":8},"end":{"line":56,"column":null}},{"start":{"line":54,"column":8},"end":{"line":56,"column":null}}]}},"s":{"0":7,"1":7,"2":7,"3":7,"4":7,"5":7,"6":7,"7":4,"8":3,"9":4,"10":1,"11":3,"12":3,"13":2,"14":2,"15":2,"16":1,"17":1,"18":3,"19":2,"20":2,"21":1,"22":1,"23":1,"24":1,"25":3,"26":2,"27":1,"28":1,"29":1,"30":1,"31":1},"f":{"0":7,"1":4,"2":3,"3":3,"4":2,"5":1,"6":1,"7":3,"8":1,"9":1,"10":1,"11":1,"12":1},"b":{"0":[4,2],"1":[1,3],"2":[2,1],"3":[2,1],"4":[3,2],"5":[2,1]}}
}
