TN:
SF:packages/engine/src/index.ts
FNF:0
FNH:0
DA:1,5
DA:2,5
DA:3,5
DA:4,5
DA:5,5
LF:5
LH:5
BRF:0
BRH:0
end_of_record
TN:
SF:packages/engine/src/actions/clientActions.ts
FN:28,(anonymous_2)
FN:48,(anonymous_3)
FNF:2
FNH:2
FNDA:280,(anonymous_2)
FNDA:2,(anonymous_3)
DA:1,14
DA:6,14
DA:7,14
DA:8,14
DA:9,14
DA:10,14
DA:11,14
DA:12,14
DA:13,14
DA:14,14
DA:15,14
DA:16,14
DA:17,14
DA:18,14
DA:19,14
DA:20,14
DA:21,14
DA:22,14
DA:23,14
DA:24,14
DA:25,14
DA:26,14
DA:28,14
DA:31,280
DA:34,14
DA:37,14
DA:40,14
DA:43,14
DA:46,14
DA:48,14
DA:56,14
DA:59,14
DA:60,14
DA:61,14
DA:62,14
DA:63,14
DA:64,14
DA:65,14
DA:66,14
DA:67,14
DA:68,14
DA:69,14
DA:70,14
DA:72,14
DA:78,14
DA:85,14
LF:46
LH:46
BRF:0
BRH:0
end_of_record
TN:
SF:packages/engine/src/actions/getActionProperties.ts
FN:20,getActionProperties
FNF:1
FNH:0
FNDA:0,getActionProperties
DA:2,14
DA:20,14
DA:24,0
LF:3
LH:2
BRF:0
BRH:0
end_of_record
TN:
SF:packages/engine/src/actions/getPhaseActionProperties.ts
FN:42,(anonymous_0)
FN:47,(anonymous_1)
FN:49,(anonymous_2)
FNF:3
FNH:0
FNDA:0,(anonymous_0)
FNDA:0,(anonymous_1)
FNDA:0,(anonymous_2)
DA:2,14
DA:4,14
DA:26,14
DA:42,14
DA:44,0
DA:46,0
DA:47,0
DA:49,0
LF:8
LH:4
BRDA:44,0,0,0
BRDA:44,0,1,0
BRDA:47,1,0,0
BRDA:47,1,1,0
BRF:4
BRH:0
end_of_record
TN:
SF:packages/engine/src/actions/hostActions.ts
FNF:0
FNH:0
DA:1,14
DA:5,14
DA:6,14
DA:7,14
DA:8,14
DA:9,14
DA:10,14
DA:12,14
DA:13,14
DA:14,14
DA:15,14
DA:16,14
DA:17,14
DA:21,14
LF:14
LH:14
BRF:0
BRH:0
end_of_record
TN:
SF:packages/engine/src/actions/index.ts
FNF:0
FNH:0
DA:1,14
DA:2,14
DA:3,14
LF:3
LH:3
BRF:0
BRH:0
end_of_record
TN:
SF:packages/engine/src/dictionaries/cities.ts
FNF:0
FNH:0
DA:3,14
LF:1
LH:1
BRF:0
BRH:0
end_of_record
TN:
SF:packages/engine/src/dictionaries/factions.ts
FNF:0
FNH:0
DA:1,14
DA:4,14
LF:2
LH:2
BRF:0
BRH:0
end_of_record
TN:
SF:packages/engine/src/dictionaries/index.ts
FNF:0
FNH:0
DA:1,14
DA:2,14
DA:3,14
DA:4,14
DA:5,14
LF:5
LH:5
BRF:0
BRH:0
end_of_record
TN:
SF:packages/engine/src/dictionaries/phases.ts
FNF:0
FNH:0
DA:3,14
DA:17,14
DA:19,14
LF:3
LH:3
BRF:0
BRH:0
end_of_record
TN:
SF:packages/engine/src/dictionaries/playerActionProperties.ts
FNF:0
FNH:0
DA:3,14
LF:1
LH:1
BRF:0
BRH:0
end_of_record
TN:
SF:packages/engine/src/dictionaries/rules/atreides.ts
FNF:0
FNH:0
DA:1,14
DA:4,14
LF:2
LH:2
BRF:0
BRH:0
end_of_record
TN:
SF:packages/engine/src/dictionaries/rules/battle.ts
FNF:0
FNH:0
DA:3,14
LF:1
LH:1
BRF:0
BRH:0
end_of_record
TN:
SF:packages/engine/src/dictionaries/rules/beneGesserit.ts
FNF:0
FNH:0
DA:1,14
DA:4,14
LF:2
LH:2
BRF:0
BRH:0
end_of_record
TN:
SF:packages/engine/src/dictionaries/rules/bidding.ts
FNF:0
FNH:0
DA:3,14
LF:1
LH:1
BRF:0
BRH:0
end_of_record
TN:
SF:packages/engine/src/dictionaries/rules/choamCharity.ts
FNF:0
FNH:0
DA:3,14
LF:1
LH:1
BRF:0
BRH:0
end_of_record
TN:
SF:packages/engine/src/dictionaries/rules/emperor.ts
FNF:0
FNH:0
DA:1,14
DA:4,14
LF:2
LH:2
BRF:0
BRH:0
end_of_record
TN:
SF:packages/engine/src/dictionaries/rules/fremen.ts
FNF:0
FNH:0
DA:1,14
DA:4,14
LF:2
LH:2
BRF:0
BRH:0
end_of_record
TN:
SF:packages/engine/src/dictionaries/rules/harkonnen.ts
FNF:0
FNH:0
DA:1,14
DA:4,14
LF:2
LH:2
BRF:0
BRH:0
end_of_record
TN:
SF:packages/engine/src/dictionaries/rules/index.ts
FNF:0
FNH:0
DA:3,14
DA:4,14
DA:5,14
DA:6,14
DA:7,14
DA:8,14
DA:9,14
DA:10,14
DA:11,14
DA:12,14
DA:13,14
DA:14,14
DA:15,14
DA:16,14
DA:17,14
DA:18,14
DA:20,14
DA:36,14
LF:18
LH:18
BRF:0
BRH:0
end_of_record
TN:
SF:packages/engine/src/dictionaries/rules/mentatPause.ts
FNF:0
FNH:0
DA:3,14
LF:1
LH:1
BRF:0
BRH:0
end_of_record
TN:
SF:packages/engine/src/dictionaries/rules/revival.ts
FNF:0
FNH:0
DA:3,14
LF:1
LH:1
BRF:0
BRH:0
end_of_record
TN:
SF:packages/engine/src/dictionaries/rules/setup.ts
FNF:0
FNH:0
DA:3,14
LF:1
LH:1
BRF:0
BRH:0
end_of_record
TN:
SF:packages/engine/src/dictionaries/rules/shipmentAndMovement.ts
FNF:0
FNH:0
DA:3,14
LF:1
LH:1
BRF:0
BRH:0
end_of_record
TN:
SF:packages/engine/src/dictionaries/rules/spacingGuild.ts
FNF:0
FNH:0
DA:1,14
DA:4,14
LF:2
LH:2
BRF:0
BRH:0
end_of_record
TN:
SF:packages/engine/src/dictionaries/rules/spiceBlowAndNexus.ts
FN:12,(anonymous_0)
FNF:1
FNH:0
FNDA:0,(anonymous_0)
DA:3,14
DA:12,0
LF:2
LH:1
BRF:0
BRH:0
end_of_record
TN:
SF:packages/engine/src/dictionaries/rules/spiceHarvest.ts
FNF:0
FNH:0
DA:3,14
LF:1
LH:1
BRF:0
BRH:0
end_of_record
TN:
SF:packages/engine/src/dictionaries/rules/storm.ts
FN:12,(anonymous_0)
FN:20,(anonymous_1)
FNF:2
FNH:0
FNDA:0,(anonymous_0)
FNDA:0,(anonymous_1)
DA:3,14
DA:12,0
DA:20,0
LF:3
LH:1
BRF:0
BRH:0
end_of_record
TN:
SF:packages/engine/src/factories/createGame.ts
FN:4,(anonymous_2)
FNF:1
FNH:0
FNDA:0,(anonymous_2)
DA:2,7
DA:4,7
LF:2
LH:2
BRF:0
BRH:0
end_of_record
TN:
SF:packages/engine/src/factories/createNewPhasePlayerState.ts
FN:3,(anonymous_2)
FN:5,(anonymous_3)
FNF:2
FNH:2
FNDA:16,(anonymous_2)
FNDA:40,(anonymous_3)
DA:3,7
DA:4,16
DA:5,40
LF:3
LH:3
BRF:0
BRH:0
end_of_record
TN:
SF:packages/engine/src/factories/createNewTurnState.ts
FN:6,(anonymous_2)
FNF:1
FNH:1
FNDA:4,(anonymous_2)
DA:1,7
DA:3,7
DA:4,7
DA:6,7
LF:4
LH:4
BRF:0
BRH:0
end_of_record
TN:
SF:packages/engine/src/factories/createNextPhaseState.ts
FN:5,(anonymous_2)
FNF:1
FNH:1
FNDA:6,(anonymous_2)
DA:1,7
DA:3,7
DA:5,7
LF:3
LH:3
BRDA:9,0,0,0
BRDA:9,0,1,6
BRF:2
BRH:1
end_of_record
TN:
SF:packages/engine/src/factories/index.ts
FN:9,(anonymous_4)
FNF:1
FNH:0
FNDA:0,(anonymous_4)
DA:1,7
DA:2,7
DA:3,7
DA:4,7
DA:5,7
DA:6,7
DA:7,7
DA:8,7
DA:9,7
LF:9
LH:9
BRF:0
BRH:0
end_of_record
TN:
SF:packages/engine/src/factories/createAuction/createAuction.ts
FN:3,createAuction
FNF:1
FNH:1
FNDA:14,createAuction
DA:1,7
DA:3,7
DA:4,14
DA:5,14
DA:7,27
DA:10,27
DA:11,27
DA:15,20
DA:19,14
LF:9
LH:9
BRDA:8,0,0,16
BRDA:8,0,1,11
BRDA:8,1,0,27
BRDA:8,1,1,16
BRDA:11,2,0,20
BRDA:11,2,1,7
BRDA:12,3,0,27
BRDA:12,3,1,11
BRDA:12,3,2,4
BRF:9
BRH:9
end_of_record
TN:
SF:packages/engine/src/factories/createFinishedGameState/createFinishedGameState.ts
FN:3,(anonymous_2)
FNF:1
FNH:1
FNDA:3,(anonymous_2)
DA:3,7
LF:1
LH:1
BRF:0
BRH:0
end_of_record
TN:
SF:packages/engine/src/factories/createNewAuctionState/createNewAuctionState.ts
FN:4,createNewAuctionState
FNF:1
FNH:1
FNDA:6,createNewAuctionState
DA:1,7
DA:4,7
DA:5,6
DA:6,6
LF:4
LH:4
BRF:0
BRH:0
end_of_record
TN:
SF:packages/engine/src/factories/createPlayer/createPlayer.ts
FN:7,(anonymous_0)
FNF:1
FNH:1
FNDA:9,(anonymous_0)
DA:7,8
DA:10,9
LF:2
LH:2
BRDA:13,0,0,3
BRDA:13,0,1,6
BRDA:13,1,0,9
BRDA:13,1,1,9
BRDA:13,2,0,6
BRDA:13,2,1,3
BRDA:13,3,0,9
BRDA:13,3,1,9
BRF:8
BRH:8
end_of_record
TN:
SF:packages/engine/src/factories/createPlayer/index.ts
FN:1,(anonymous_0)
FNF:1
FNH:1
FNDA:7,(anonymous_0)
DA:1,14
LF:1
LH:1
BRF:0
BRH:0
end_of_record
TN:
SF:packages/engine/src/helpers/index.ts
FN:1,(anonymous_4)
FN:3,(anonymous_5)
FN:4,(anonymous_6)
FN:6,(anonymous_7)
FNF:4
FNH:3
FNDA:0,(anonymous_4)
FNDA:2,(anonymous_5)
FNDA:6,(anonymous_6)
FNDA:1,(anonymous_7)
DA:1,9
DA:3,9
DA:4,6
DA:6,9
DA:10,1
DA:11,1
DA:12,1
LF:7
LH:7
BRF:0
BRH:0
end_of_record
TN:
SF:packages/engine/src/models/city.ts
FN:7,(anonymous_0)
FNF:1
FNH:1
FNDA:14,(anonymous_0)
DA:7,14
DA:8,14
DA:9,14
DA:10,14
LF:4
LH:4
BRDA:7,0,0,14
BRDA:7,0,1,14
BRF:2
BRH:2
end_of_record
TN:
SF:packages/engine/src/models/faction.ts
FN:36,(anonymous_0)
FNF:1
FNH:1
FNDA:14,(anonymous_0)
DA:36,14
DA:37,14
DA:38,14
DA:39,14
DA:40,14
DA:41,14
DA:42,14
LF:7
LH:7
BRDA:36,0,0,14
BRDA:36,0,1,14
BRF:2
BRH:2
end_of_record
TN:
SF:packages/engine/src/models/index.ts
FNF:0
FNH:0
DA:1,14
DA:2,14
DA:3,14
DA:4,14
DA:5,14
DA:6,14
DA:7,14
DA:8,14
DA:9,14
DA:10,14
DA:11,14
LF:11
LH:11
BRF:0
BRH:0
end_of_record
TN:
SF:packages/engine/src/models/__fixtures__/index.ts
FNF:0
FNH:0
DA:3,5
LF:1
LH:1
BRF:0
BRH:0
end_of_record
TN:
SF:packages/engine/src/reducers/index.ts
FNF:0
FNH:0
DA:1,5
DA:2,5
LF:2
LH:2
BRF:0
BRH:0
end_of_record
TN:
SF:packages/engine/src/reducers/initialGameState.ts
FNF:0
FNH:0
DA:3,14
LF:1
LH:1
BRF:0
BRH:0
end_of_record
TN:
SF:packages/engine/src/reducers/rootReducer.ts
FN:26,(anonymous_0)
FN:27,(anonymous_1)
FNF:2
FNH:2
FNDA:6,(anonymous_0)
FNDA:13,(anonymous_1)
DA:1,6
DA:8,6
DA:13,6
DA:14,6
DA:15,6
DA:16,6
DA:17,6
DA:20,6
DA:21,6
DA:22,6
DA:23,6
DA:24,6
DA:26,6
DA:27,13
DA:32,6
DA:51,6
LF:16
LH:16
BRF:0
BRH:0
end_of_record
TN:
SF:packages/engine/src/reducers/allianceRequestsReducer/allianceRequestsReducer.ts
FN:9,(anonymous_0)
FN:11,(anonymous_1)
FN:14,(anonymous_2)
FN:16,(anonymous_3)
FN:20,(anonymous_4)
FN:23,(anonymous_5)
FN:26,(anonymous_6)
FN:30,(anonymous_7)
FN:32,(anonymous_8)
FNF:9
FNH:7
FNDA:7,(anonymous_0)
FNDA:1,(anonymous_1)
FNDA:1,(anonymous_2)
FNDA:1,(anonymous_3)
FNDA:0,(anonymous_4)
FNDA:2,(anonymous_5)
FNDA:0,(anonymous_6)
FNDA:1,(anonymous_7)
FNDA:1,(anonymous_8)
DA:1,7
DA:2,7
DA:4,7
DA:5,7
DA:7,7
DA:10,7
DA:12,1
DA:15,1
DA:16,1
DA:18,1
DA:19,1
DA:20,0
DA:22,1
DA:23,2
DA:25,1
DA:26,0
DA:31,1
DA:33,1
LF:18
LH:16
BRDA:18,0,0,0
BRDA:18,0,1,1
BRDA:19,1,0,0
BRDA:19,1,1,1
BRDA:25,2,0,0
BRDA:25,2,1,1
BRDA:33,3,0,1
BRDA:33,3,1,0
BRF:8
BRH:4
end_of_record
TN:
SF:packages/engine/src/reducers/alliancesReducer/alliancesReducer.ts
FN:9,(anonymous_0)
FN:10,(anonymous_1)
FN:11,(anonymous_2)
FNF:3
FNH:3
FNDA:7,(anonymous_0)
FNDA:1,(anonymous_1)
FNDA:1,(anonymous_2)
DA:1,7
DA:2,7
DA:4,7
DA:5,7
DA:7,7
DA:10,7
DA:11,1
DA:12,1
DA:14,1
DA:15,1
DA:16,1
DA:18,0
LF:12
LH:11
BRDA:15,0,0,1
BRDA:15,0,1,0
BRDA:15,1,0,1
BRDA:15,1,1,1
BRF:4
BRH:3
end_of_record
TN:
SF:packages/engine/src/reducers/auctionsReducer/auctionsReducer.ts
FN:8,(anonymous_0)
FN:10,(anonymous_1)
FN:25,(anonymous_2)
FNF:3
FNH:3
FNDA:6,(anonymous_0)
FNDA:3,(anonymous_1)
FNDA:3,(anonymous_2)
DA:1,6
DA:2,6
DA:4,6
DA:6,6
DA:9,6
DA:11,3
DA:12,3
DA:13,3
DA:14,3
DA:15,2
DA:16,2
DA:18,2
DA:22,2
DA:26,3
DA:27,3
DA:28,3
DA:29,2
DA:31,3
DA:32,3
DA:35,3
DA:39,1
DA:40,1
DA:43,3
DA:44,2
DA:45,2
DA:46,2
DA:51,0
LF:27
LH:26
BRDA:14,0,0,1
BRDA:14,0,1,2
BRDA:15,1,0,2
BRDA:15,1,1,0
BRDA:28,2,0,2
BRDA:28,2,1,1
BRDA:35,3,0,1
BRDA:35,3,1,2
BRDA:36,4,0,3
BRDA:36,4,1,2
BRDA:43,5,0,2
BRDA:43,5,1,1
BRDA:45,6,0,2
BRDA:45,6,1,0
BRF:14
BRH:12
end_of_record
TN:
SF:packages/engine/src/reducers/conditionsReducer/conditionsReducer.ts
FN:8,(anonymous_0)
FN:11,(anonymous_1)
FN:17,(anonymous_2)
FN:20,(anonymous_3)
FN:26,(anonymous_4)
FN:29,(anonymous_5)
FNF:6
FNH:6
FNDA:7,(anonymous_0)
FNDA:1,(anonymous_1)
FNDA:7,(anonymous_2)
FNDA:1,(anonymous_3)
FNDA:7,(anonymous_4)
FNDA:1,(anonymous_5)
DA:1,7
DA:2,7
DA:4,7
DA:6,7
DA:9,7
DA:11,1
DA:15,7
DA:18,7
DA:20,1
DA:24,7
DA:27,7
DA:29,1
LF:12
LH:12
BRF:0
BRH:0
end_of_record
TN:
SF:packages/engine/src/reducers/currentFirstPlayerReducer/currentFirstPlayerReducer.ts
FN:8,(anonymous_0)
FN:11,(anonymous_1)
FNF:2
FNH:2
FNDA:7,(anonymous_0)
FNDA:1,(anonymous_1)
DA:1,7
DA:2,7
DA:4,7
DA:6,7
DA:9,7
DA:11,1
LF:6
LH:6
BRF:0
BRH:0
end_of_record
TN:
SF:packages/engine/src/reducers/currentPhaseReducer/currentPhaseReducer.ts
FN:8,(anonymous_0)
FN:9,(anonymous_1)
FNF:2
FNH:2
FNDA:7,(anonymous_0)
FNDA:1,(anonymous_1)
DA:1,7
DA:2,7
DA:4,7
DA:6,7
DA:9,7
LF:5
LH:5
BRF:0
BRH:0
end_of_record
TN:
SF:packages/engine/src/reducers/currentPhaseReducer/index.ts
FN:1,(anonymous_0)
FNF:1
FNH:1
FNDA:7,(anonymous_0)
DA:1,14
LF:1
LH:1
BRF:0
BRH:0
end_of_record
TN:
SF:packages/engine/src/reducers/phaseCompletionReducer/phaseCompletionReducer.ts
FN:10,(anonymous_0)
FN:97,playersReady
FN:98,(anonymous_2)
FN:101,firstPlayerSet
FN:105,playerBasicsSet
FN:109,(anonymous_5)
FNF:6
FNH:5
FNDA:11,(anonymous_0)
FNDA:7,playersReady
FNDA:14,(anonymous_2)
FNDA:0,firstPlayerSet
FNDA:3,playerBasicsSet
FNDA:3,(anonymous_5)
DA:1,6
DA:8,6
DA:10,6
DA:11,11
DA:13,11
DA:15,3
DA:16,1
DA:18,2
DA:20,1
DA:21,1
DA:23,0
DA:25,0
DA:26,0
DA:28,0
DA:30,0
DA:31,0
DA:33,0
DA:35,0
DA:36,0
DA:38,0
DA:40,1
DA:41,1
DA:43,0
DA:59,2
DA:60,2
DA:62,0
DA:63,0
DA:65,0
DA:67,1
DA:68,0
DA:71,1
DA:72,0
DA:74,1
DA:76,1
DA:77,1
DA:79,0
DA:81,0
DA:82,0
DA:84,0
DA:86,2
DA:87,2
DA:91,0
DA:93,0
DA:98,14
DA:102,0
DA:106,3
DA:107,3
DA:109,3
LF:48
LH:25
BRDA:11,0,0,0
BRDA:11,0,1,11
BRDA:14,1,0,3
BRDA:14,1,1,1
BRDA:14,1,2,0
BRDA:14,1,3,0
BRDA:14,1,4,0
BRDA:14,1,5,1
BRDA:14,1,6,2
BRDA:14,1,7,1
BRDA:14,1,8,1
BRDA:14,1,9,1
BRDA:14,1,10,0
BRDA:14,1,11,2
BRDA:14,1,12,0
BRDA:15,2,0,1
BRDA:15,2,1,2
BRDA:20,3,0,1
BRDA:20,3,1,0
BRDA:25,4,0,0
BRDA:25,4,1,0
BRDA:25,5,0,0
BRDA:25,5,1,0
BRDA:30,6,0,0
BRDA:30,6,1,0
BRDA:35,7,0,0
BRDA:35,7,1,0
BRDA:40,8,0,1
BRDA:40,8,1,0
BRDA:59,9,0,2
BRDA:59,9,1,0
BRDA:62,10,0,0
BRDA:62,10,1,0
BRDA:62,11,0,0
BRDA:62,11,1,0
BRDA:67,12,0,0
BRDA:67,12,1,1
BRDA:71,13,0,0
BRDA:71,13,1,1
BRDA:76,14,0,1
BRDA:76,14,1,0
BRDA:81,15,0,0
BRDA:81,15,1,0
BRDA:86,16,0,2
BRDA:86,16,1,0
BRDA:88,17,0,1
BRDA:88,17,1,1
BRDA:108,18,0,3
BRDA:108,18,1,2
BRDA:109,19,0,3
BRDA:109,19,1,2
BRF:51
BRH:24
end_of_record
TN:
SF:packages/engine/src/reducers/phaseStatesReducer/phaseStatesReducer.ts
FN:8,(anonymous_0)
FN:10,(anonymous_1)
FN:11,(anonymous_2)
FN:21,(anonymous_3)
FN:22,(anonymous_4)
FN:32,(anonymous_5)
FNF:6
FNH:5
FNDA:7,(anonymous_0)
FNDA:1,(anonymous_1)
FNDA:12,(anonymous_2)
FNDA:1,(anonymous_3)
FNDA:12,(anonymous_4)
FNDA:0,(anonymous_5)
DA:1,7
DA:2,7
DA:4,7
DA:6,7
DA:9,7
DA:11,1
DA:12,12
DA:15,1
DA:22,1
DA:23,12
DA:26,1
DA:33,0
LF:12
LH:11
BRDA:12,0,0,1
BRDA:12,0,1,11
BRDA:23,1,0,1
BRDA:23,1,1,11
BRF:4
BRH:4
end_of_record
TN:
SF:packages/engine/src/reducers/playerOrderReducer/playerOrderReducer.ts
FN:9,(anonymous_2)
FN:11,(anonymous_3)
FN:15,(anonymous_4)
FN:19,(anonymous_5)
FN:24,(anonymous_6)
FNF:5
FNH:5
FNDA:7,(anonymous_2)
FNDA:1,(anonymous_3)
FNDA:2,(anonymous_4)
FNDA:1,(anonymous_5)
FNDA:1,(anonymous_6)
DA:1,7
DA:2,7
DA:4,7
DA:5,7
DA:7,7
DA:10,7
DA:11,1
DA:15,2
DA:20,1
DA:24,1
LF:10
LH:10
BRF:0
BRH:0
end_of_record
TN:
SF:packages/engine/src/reducers/playersReducer/playersReducer.ts
FN:10,(anonymous_0)
FN:12,(anonymous_1)
FN:16,(anonymous_2)
FN:33,(anonymous_3)
FN:37,(anonymous_4)
FN:44,(anonymous_5)
FN:48,(anonymous_6)
FN:53,(anonymous_7)
FN:58,(anonymous_8)
FN:62,(anonymous_9)
FN:65,(anonymous_10)
FN:68,(anonymous_11)
FN:71,(anonymous_12)
FNF:13
FNH:13
FNDA:7,(anonymous_0)
FNDA:4,(anonymous_1)
FNDA:3,(anonymous_2)
FNDA:3,(anonymous_3)
FNDA:2,(anonymous_4)
FNDA:1,(anonymous_5)
FNDA:1,(anonymous_6)
FNDA:3,(anonymous_7)
FNDA:1,(anonymous_8)
FNDA:1,(anonymous_9)
FNDA:1,(anonymous_10)
FNDA:1,(anonymous_11)
FNDA:1,(anonymous_12)
DA:1,7
DA:2,7
DA:3,7
DA:4,7
DA:6,7
DA:8,7
DA:11,7
DA:14,4
DA:16,3
DA:18,4
DA:20,3
DA:22,3
DA:23,2
DA:24,2
DA:25,2
DA:28,1
DA:30,1
DA:34,3
DA:37,2
DA:40,2
DA:42,1
DA:45,1
DA:46,1
DA:49,1
DA:54,3
DA:55,2
DA:60,1
DA:63,1
DA:66,1
DA:69,1
DA:72,1
LF:31
LH:31
BRDA:14,0,0,4
BRDA:14,0,1,2
BRDA:18,1,0,1
BRDA:18,1,1,3
BRDA:22,2,0,2
BRDA:22,2,1,1
BRDA:34,3,0,2
BRDA:34,3,1,1
BRDA:35,4,0,3
BRDA:35,4,1,2
BRDA:54,5,0,2
BRDA:54,5,1,1
BRF:12
BRH:12
end_of_record
